[INFO][main][2018-03-22 16:02:17][org.springframework.web.context.ContextLoader] - Root WebApplicationContext: initialization started
  [INFO][main][2018-03-22 16:02:17][org.springframework.context.support.AbstractApplicationContext] - Refreshing Root WebApplicationContext: startup date [Thu Mar 22 16:02:17 CST 2018]; root of context hierarchy
  [INFO][main][2018-03-22 16:02:17][org.springframework.beans.factory.xml.XmlBeanDefinitionReader] - Loading XML bean definitions from class path resource [spring-mybatis.xml]
  [INFO][main][2018-03-22 16:02:17][org.springframework.core.io.support.PropertiesLoaderSupport] - Loading properties file from class path resource [jdbc.properties]
  [INFO][main][2018-03-22 16:02:17][org.springframework.beans.factory.annotation.AutowiredAnnotationBeanPostProcessor] - JSR-330 'javax.inject.Inject' annotation found and supported for autowiring
  [WARN][main][2018-03-22 16:02:17][org.springframework.beans.factory.support.AbstractBeanFactory] - Bean creation exception on non-lazy FactoryBean type check: org.springframework.beans.factory.BeanCreationException: Error creating bean with name 'userDao' defined in file [E:\workspace\study\cf-fs-account\web\target\classes\com\heitian\ssm\com\heitian\dao\UserDao.class]: Cannot resolve reference to bean 'sqlSessionFactory' while setting bean property 'sqlSessionFactory'; nested exception is org.springframework.beans.factory.BeanCreationException: Error creating bean with name 'sqlSessionFactory' defined in class path resource [spring-mybatis.xml]: Invocation of init method failed; nested exception is org.springframework.core.NestedIOException: Failed to parse mapping resource: 'file [E:\workspace\study\cf-fs-account\web\target\classes\mapping\UserMapper.xml]'; nested exception is org.apache.ibatis.builder.BuilderException: Error parsing Mapper XML. The XML location is 'file [E:\workspace\study\cf-fs-account\web\target\classes\mapping\UserMapper.xml]'. Cause: org.apache.ibatis.builder.BuilderException: Error resolving class. Cause: org.apache.ibatis.type.TypeException: Could not resolve type alias 'com.heitian.ssm.model.User'.  Cause: java.lang.ClassNotFoundException: Cannot find class: com.heitian.ssm.model.User
  [WARN][main][2018-03-22 16:02:17][org.springframework.beans.factory.support.AbstractBeanFactory] - Bean creation exception on non-lazy FactoryBean type check: org.springframework.beans.factory.BeanCreationException: Error creating bean with name 'userDao' defined in file [E:\workspace\study\cf-fs-account\web\target\classes\com\heitian\ssm\com\heitian\dao\UserDao.class]: Cannot resolve reference to bean 'sqlSessionFactory' while setting bean property 'sqlSessionFactory'; nested exception is org.springframework.beans.factory.BeanCreationException: Error creating bean with name 'sqlSessionFactory' defined in class path resource [spring-mybatis.xml]: Invocation of init method failed; nested exception is org.springframework.core.NestedIOException: Failed to parse mapping resource: 'file [E:\workspace\study\cf-fs-account\web\target\classes\mapping\UserMapper.xml]'; nested exception is org.apache.ibatis.builder.BuilderException: Error parsing Mapper XML. The XML location is 'file [E:\workspace\study\cf-fs-account\web\target\classes\mapping\UserMapper.xml]'. Cause: org.apache.ibatis.builder.BuilderException: Error resolving class. Cause: org.apache.ibatis.type.TypeException: Could not resolve type alias 'com.heitian.ssm.model.User'.  Cause: java.lang.ClassNotFoundException: Cannot find class: com.heitian.ssm.model.User
  [WARN][main][2018-03-22 16:02:17][org.springframework.context.support.AbstractApplicationContext] - Exception encountered during context initialization - cancelling refresh attempt: org.springframework.beans.factory.BeanCreationException: Error creating bean with name 'userController': Injection of autowired dependencies failed; nested exception is org.springframework.beans.factory.BeanCreationException: Could not autowire field: private com.heitian.ssm.com.heitian.service.UserService com.heitian.ssm.com.heitian.controller.UserController.userService; nested exception is org.springframework.beans.factory.BeanCreationException: Error creating bean with name 'userService': Injection of autowired dependencies failed; nested exception is org.springframework.beans.factory.BeanCreationException: Could not autowire field: private com.heitian.ssm.com.heitian.dao.UserDao com.heitian.ssm.com.heitian.service.UserService.userDao; nested exception is org.springframework.beans.factory.NoSuchBeanDefinitionException: No qualifying bean of type [com.heitian.ssm.com.heitian.dao.UserDao] found for dependency: expected at least 1 bean which qualifies as autowire candidate for this dependency. Dependency annotations: {@org.springframework.beans.factory.annotation.Autowired(required=true)}
Related cause: org.springframework.beans.factory.BeanCreationException: Error creating bean with name 'userDao' defined in file [E:\workspace\study\cf-fs-account\web\target\classes\com\heitian\ssm\com\heitian\dao\UserDao.class]: Cannot resolve reference to bean 'sqlSessionFactory' while setting bean property 'sqlSessionFactory'; nested exception is org.springframework.beans.factory.BeanCreationException: Error creating bean with name 'sqlSessionFactory' defined in class path resource [spring-mybatis.xml]: Invocation of init method failed; nested exception is org.springframework.core.NestedIOException: Failed to parse mapping resource: 'file [E:\workspace\study\cf-fs-account\web\target\classes\mapping\UserMapper.xml]'; nested exception is org.apache.ibatis.builder.BuilderException: Error parsing Mapper XML. The XML location is 'file [E:\workspace\study\cf-fs-account\web\target\classes\mapping\UserMapper.xml]'. Cause: org.apache.ibatis.builder.BuilderException: Error resolving class. Cause: org.apache.ibatis.type.TypeException: Could not resolve type alias 'com.heitian.ssm.model.User'.  Cause: java.lang.ClassNotFoundException: Cannot find class: com.heitian.ssm.model.User
Related cause: org.springframework.beans.factory.BeanCreationException: Error creating bean with name 'userDao' defined in file [E:\workspace\study\cf-fs-account\web\target\classes\com\heitian\ssm\com\heitian\dao\UserDao.class]: Cannot resolve reference to bean 'sqlSessionFactory' while setting bean property 'sqlSessionFactory'; nested exception is org.springframework.beans.factory.BeanCreationException: Error creating bean with name 'sqlSessionFactory' defined in class path resource [spring-mybatis.xml]: Invocation of init method failed; nested exception is org.springframework.core.NestedIOException: Failed to parse mapping resource: 'file [E:\workspace\study\cf-fs-account\web\target\classes\mapping\UserMapper.xml]'; nested exception is org.apache.ibatis.builder.BuilderException: Error parsing Mapper XML. The XML location is 'file [E:\workspace\study\cf-fs-account\web\target\classes\mapping\UserMapper.xml]'. Cause: org.apache.ibatis.builder.BuilderException: Error resolving class. Cause: org.apache.ibatis.type.TypeException: Could not resolve type alias 'com.heitian.ssm.model.User'.  Cause: java.lang.ClassNotFoundException: Cannot find class: com.heitian.ssm.model.User
  [ERROR][main][2018-03-22 16:02:17][org.springframework.web.context.ContextLoader] - Context initialization failed
  org.springframework.beans.factory.BeanCreationException: Error creating bean with name 'userController': Injection of autowired dependencies failed; nested exception is org.springframework.beans.factory.BeanCreationException: Could not autowire field: private com.heitian.ssm.com.heitian.service.UserService com.heitian.ssm.com.heitian.controller.UserController.userService; nested exception is org.springframework.beans.factory.BeanCreationException: Error creating bean with name 'userService': Injection of autowired dependencies failed; nested exception is org.springframework.beans.factory.BeanCreationException: Could not autowire field: private com.heitian.ssm.com.heitian.dao.UserDao com.heitian.ssm.com.heitian.service.UserService.userDao; nested exception is org.springframework.beans.factory.NoSuchBeanDefinitionException: No qualifying bean of type [com.heitian.ssm.com.heitian.dao.UserDao] found for dependency: expected at least 1 bean which qualifies as autowire candidate for this dependency. Dependency annotations: {@org.springframework.beans.factory.annotation.Autowired(required=true)}
Related cause: org.springframework.beans.factory.BeanCreationException: Error creating bean with name 'userDao' defined in file [E:\workspace\study\cf-fs-account\web\target\classes\com\heitian\ssm\com\heitian\dao\UserDao.class]: Cannot resolve reference to bean 'sqlSessionFactory' while setting bean property 'sqlSessionFactory'; nested exception is org.springframework.beans.factory.BeanCreationException: Error creating bean with name 'sqlSessionFactory' defined in class path resource [spring-mybatis.xml]: Invocation of init method failed; nested exception is org.springframework.core.NestedIOException: Failed to parse mapping resource: 'file [E:\workspace\study\cf-fs-account\web\target\classes\mapping\UserMapper.xml]'; nested exception is org.apache.ibatis.builder.BuilderException: Error parsing Mapper XML. The XML location is 'file [E:\workspace\study\cf-fs-account\web\target\classes\mapping\UserMapper.xml]'. Cause: org.apache.ibatis.builder.BuilderException: Error resolving class. Cause: org.apache.ibatis.type.TypeException: Could not resolve type alias 'com.heitian.ssm.model.User'.  Cause: java.lang.ClassNotFoundException: Cannot find class: com.heitian.ssm.model.User
Related cause: org.springframework.beans.factory.BeanCreationException: Error creating bean with name 'userDao' defined in file [E:\workspace\study\cf-fs-account\web\target\classes\com\heitian\ssm\com\heitian\dao\UserDao.class]: Cannot resolve reference to bean 'sqlSessionFactory' while setting bean property 'sqlSessionFactory'; nested exception is org.springframework.beans.factory.BeanCreationException: Error creating bean with name 'sqlSessionFactory' defined in class path resource [spring-mybatis.xml]: Invocation of init method failed; nested exception is org.springframework.core.NestedIOException: Failed to parse mapping resource: 'file [E:\workspace\study\cf-fs-account\web\target\classes\mapping\UserMapper.xml]'; nested exception is org.apache.ibatis.builder.BuilderException: Error parsing Mapper XML. The XML location is 'file [E:\workspace\study\cf-fs-account\web\target\classes\mapping\UserMapper.xml]'. Cause: org.apache.ibatis.builder.BuilderException: Error resolving class. Cause: org.apache.ibatis.type.TypeException: Could not resolve type alias 'com.heitian.ssm.model.User'.  Cause: java.lang.ClassNotFoundException: Cannot find class: com.heitian.ssm.model.User
	at org.springframework.beans.factory.annotation.AutowiredAnnotationBeanPostProcessor.postProcessPropertyValues(AutowiredAnnotationBeanPostProcessor.java:334)
	at org.springframework.beans.factory.support.AbstractAutowireCapableBeanFactory.populateBean(AbstractAutowireCapableBeanFactory.java:1214)
	at org.springframework.beans.factory.support.AbstractAutowireCapableBeanFactory.doCreateBean(AbstractAutowireCapableBeanFactory.java:543)
	at org.springframework.beans.factory.support.AbstractAutowireCapableBeanFactory.createBean(AbstractAutowireCapableBeanFactory.java:482)
	at org.springframework.beans.factory.support.AbstractBeanFactory$1.getObject(AbstractBeanFactory.java:306)
	at org.springframework.beans.factory.support.DefaultSingletonBeanRegistry.getSingleton(DefaultSingletonBeanRegistry.java:230)
	at org.springframework.beans.factory.support.AbstractBeanFactory.doGetBean(AbstractBeanFactory.java:302)
	at org.springframework.beans.factory.support.AbstractBeanFactory.getBean(AbstractBeanFactory.java:197)
	at org.springframework.beans.factory.support.DefaultListableBeanFactory.preInstantiateSingletons(DefaultListableBeanFactory.java:772)
	at org.springframework.context.support.AbstractApplicationContext.finishBeanFactoryInitialization(AbstractApplicationContext.java:839)
	at org.springframework.context.support.AbstractApplicationContext.refresh(AbstractApplicationContext.java:538)
	at org.springframework.web.context.ContextLoader.configureAndRefreshWebApplicationContext(ContextLoader.java:444)
	at org.springframework.web.context.ContextLoader.initWebApplicationContext(ContextLoader.java:326)
	at org.springframework.web.context.ContextLoaderListener.contextInitialized(ContextLoaderListener.java:107)
	at org.eclipse.jetty.server.handler.ContextHandler.startContext(ContextHandler.java:644)
	at org.eclipse.jetty.servlet.ServletContextHandler.startContext(ServletContextHandler.java:229)
	at org.eclipse.jetty.webapp.WebAppContext.startContext(WebAppContext.java:1158)
	at org.eclipse.jetty.server.handler.ContextHandler.doStart(ContextHandler.java:587)
	at org.eclipse.jetty.webapp.WebAppContext.doStart(WebAppContext.java:436)
	at org.mortbay.jetty.plugin.JettyWebAppContext.doStart(JettyWebAppContext.java:180)
	at org.eclipse.jetty.util.component.AbstractLifeCycle.start(AbstractLifeCycle.java:55)
	at org.eclipse.jetty.server.handler.HandlerCollection.doStart(HandlerCollection.java:226)
	at org.eclipse.jetty.server.handler.ContextHandlerCollection.doStart(ContextHandlerCollection.java:164)
	at org.eclipse.jetty.util.component.AbstractLifeCycle.start(AbstractLifeCycle.java:55)
	at org.eclipse.jetty.server.handler.HandlerCollection.doStart(HandlerCollection.java:226)
	at org.eclipse.jetty.util.component.AbstractLifeCycle.start(AbstractLifeCycle.java:55)
	at org.eclipse.jetty.server.handler.HandlerWrapper.doStart(HandlerWrapper.java:95)
	at org.eclipse.jetty.server.Server.doStart(Server.java:258)
	at org.mortbay.jetty.plugin.JettyServer.doStart(JettyServer.java:67)
	at org.eclipse.jetty.util.component.AbstractLifeCycle.start(AbstractLifeCycle.java:55)
	at org.mortbay.jetty.plugin.AbstractJettyMojo.startJetty(AbstractJettyMojo.java:468)
	at org.mortbay.jetty.plugin.AbstractJettyMojo.execute(AbstractJettyMojo.java:408)
	at org.mortbay.jetty.plugin.JettyRunMojo.execute(JettyRunMojo.java:589)
	at org.apache.maven.plugin.DefaultBuildPluginManager.executeMojo(DefaultBuildPluginManager.java:134)
	at org.apache.maven.lifecycle.internal.MojoExecutor.execute(MojoExecutor.java:207)
	at org.apache.maven.lifecycle.internal.MojoExecutor.execute(MojoExecutor.java:153)
	at org.apache.maven.lifecycle.internal.MojoExecutor.execute(MojoExecutor.java:145)
	at org.apache.maven.lifecycle.internal.LifecycleModuleBuilder.buildProject(LifecycleModuleBuilder.java:116)
	at org.apache.maven.lifecycle.internal.LifecycleModuleBuilder.buildProject(LifecycleModuleBuilder.java:80)
	at org.apache.maven.lifecycle.internal.builder.singlethreaded.SingleThreadedBuilder.build(SingleThreadedBuilder.java:51)
	at org.apache.maven.lifecycle.internal.LifecycleStarter.execute(LifecycleStarter.java:128)
	at org.apache.maven.DefaultMaven.doExecute(DefaultMaven.java:307)
	at org.apache.maven.DefaultMaven.doExecute(DefaultMaven.java:193)
	at org.apache.maven.DefaultMaven.execute(DefaultMaven.java:106)
	at org.apache.maven.cli.MavenCli.execute(MavenCli.java:863)
	at org.apache.maven.cli.MavenCli.doMain(MavenCli.java:288)
	at org.apache.maven.cli.MavenCli.main(MavenCli.java:199)
	at sun.reflect.NativeMethodAccessorImpl.invoke0(Native Method)
	at sun.reflect.NativeMethodAccessorImpl.invoke(NativeMethodAccessorImpl.java:62)
	at sun.reflect.DelegatingMethodAccessorImpl.invoke(DelegatingMethodAccessorImpl.java:43)
	at java.lang.reflect.Method.invoke(Method.java:498)
	at org.codehaus.plexus.classworlds.launcher.Launcher.launchEnhanced(Launcher.java:289)
	at org.codehaus.plexus.classworlds.launcher.Launcher.launch(Launcher.java:229)
	at org.codehaus.plexus.classworlds.launcher.Launcher.mainWithExitCode(Launcher.java:415)
	at org.codehaus.plexus.classworlds.launcher.Launcher.main(Launcher.java:356)
	at org.codehaus.classworlds.Launcher.main(Launcher.java:47)
Caused by: org.springframework.beans.factory.BeanCreationException: Could not autowire field: private com.heitian.ssm.com.heitian.service.UserService com.heitian.ssm.com.heitian.controller.UserController.userService; nested exception is org.springframework.beans.factory.BeanCreationException: Error creating bean with name 'userService': Injection of autowired dependencies failed; nested exception is org.springframework.beans.factory.BeanCreationException: Could not autowire field: private com.heitian.ssm.com.heitian.dao.UserDao com.heitian.ssm.com.heitian.service.UserService.userDao; nested exception is org.springframework.beans.factory.NoSuchBeanDefinitionException: No qualifying bean of type [com.heitian.ssm.com.heitian.dao.UserDao] found for dependency: expected at least 1 bean which qualifies as autowire candidate for this dependency. Dependency annotations: {@org.springframework.beans.factory.annotation.Autowired(required=true)}
	at org.springframework.beans.factory.annotation.AutowiredAnnotationBeanPostProcessor$AutowiredFieldElement.inject(AutowiredAnnotationBeanPostProcessor.java:573)
	at org.springframework.beans.factory.annotation.InjectionMetadata.inject(InjectionMetadata.java:88)
	at org.springframework.beans.factory.annotation.AutowiredAnnotationBeanPostProcessor.postProcessPropertyValues(AutowiredAnnotationBeanPostProcessor.java:331)
	... 55 more
Caused by: org.springframework.beans.factory.BeanCreationException: Error creating bean with name 'userService': Injection of autowired dependencies failed; nested exception is org.springframework.beans.factory.BeanCreationException: Could not autowire field: private com.heitian.ssm.com.heitian.dao.UserDao com.heitian.ssm.com.heitian.service.UserService.userDao; nested exception is org.springframework.beans.factory.NoSuchBeanDefinitionException: No qualifying bean of type [com.heitian.ssm.com.heitian.dao.UserDao] found for dependency: expected at least 1 bean which qualifies as autowire candidate for this dependency. Dependency annotations: {@org.springframework.beans.factory.annotation.Autowired(required=true)}
	at org.springframework.beans.factory.annotation.AutowiredAnnotationBeanPostProcessor.postProcessPropertyValues(AutowiredAnnotationBeanPostProcessor.java:334)
	at org.springframework.beans.factory.support.AbstractAutowireCapableBeanFactory.populateBean(AbstractAutowireCapableBeanFactory.java:1214)
	at org.springframework.beans.factory.support.AbstractAutowireCapableBeanFactory.doCreateBean(AbstractAutowireCapableBeanFactory.java:543)
	at org.springframework.beans.factory.support.AbstractAutowireCapableBeanFactory.createBean(AbstractAutowireCapableBeanFactory.java:482)
	at org.springframework.beans.factory.support.AbstractBeanFactory$1.getObject(AbstractBeanFactory.java:306)
	at org.springframework.beans.factory.support.DefaultSingletonBeanRegistry.getSingleton(DefaultSingletonBeanRegistry.java:230)
	at org.springframework.beans.factory.support.AbstractBeanFactory.doGetBean(AbstractBeanFactory.java:302)
	at org.springframework.beans.factory.support.AbstractBeanFactory.getBean(AbstractBeanFactory.java:197)
	at org.springframework.beans.factory.support.DefaultListableBeanFactory.findAutowireCandidates(DefaultListableBeanFactory.java:1192)
	at org.springframework.beans.factory.support.DefaultListableBeanFactory.doResolveDependency(DefaultListableBeanFactory.java:1116)
	at org.springframework.beans.factory.support.DefaultListableBeanFactory.resolveDependency(DefaultListableBeanFactory.java:1014)
	at org.springframework.beans.factory.annotation.AutowiredAnnotationBeanPostProcessor$AutowiredFieldElement.inject(AutowiredAnnotationBeanPostProcessor.java:545)
	... 57 more
Caused by: org.springframework.beans.factory.BeanCreationException: Could not autowire field: private com.heitian.ssm.com.heitian.dao.UserDao com.heitian.ssm.com.heitian.service.UserService.userDao; nested exception is org.springframework.beans.factory.NoSuchBeanDefinitionException: No qualifying bean of type [com.heitian.ssm.com.heitian.dao.UserDao] found for dependency: expected at least 1 bean which qualifies as autowire candidate for this dependency. Dependency annotations: {@org.springframework.beans.factory.annotation.Autowired(required=true)}
	at org.springframework.beans.factory.annotation.AutowiredAnnotationBeanPostProcessor$AutowiredFieldElement.inject(AutowiredAnnotationBeanPostProcessor.java:573)
	at org.springframework.beans.factory.annotation.InjectionMetadata.inject(InjectionMetadata.java:88)
	at org.springframework.beans.factory.annotation.AutowiredAnnotationBeanPostProcessor.postProcessPropertyValues(AutowiredAnnotationBeanPostProcessor.java:331)
	... 68 more
Caused by: org.springframework.beans.factory.NoSuchBeanDefinitionException: No qualifying bean of type [com.heitian.ssm.com.heitian.dao.UserDao] found for dependency: expected at least 1 bean which qualifies as autowire candidate for this dependency. Dependency annotations: {@org.springframework.beans.factory.annotation.Autowired(required=true)}
	at org.springframework.beans.factory.support.DefaultListableBeanFactory.raiseNoSuchBeanDefinitionException(DefaultListableBeanFactory.java:1373)
	at org.springframework.beans.factory.support.DefaultListableBeanFactory.doResolveDependency(DefaultListableBeanFactory.java:1119)
	at org.springframework.beans.factory.support.DefaultListableBeanFactory.resolveDependency(DefaultListableBeanFactory.java:1014)
	at org.springframework.beans.factory.annotation.AutowiredAnnotationBeanPostProcessor$AutowiredFieldElement.inject(AutowiredAnnotationBeanPostProcessor.java:545)
	... 70 more
Related cause:
org.springframework.beans.factory.BeanCreationException: Error creating bean with name 'userDao' defined in file [E:\workspace\study\cf-fs-account\web\target\classes\com\heitian\ssm\com\heitian\dao\UserDao.class]: Cannot resolve reference to bean 'sqlSessionFactory' while setting bean property 'sqlSessionFactory'; nested exception is org.springframework.beans.factory.BeanCreationException: Error creating bean with name 'sqlSessionFactory' defined in class path resource [spring-mybatis.xml]: Invocation of init method failed; nested exception is org.springframework.core.NestedIOException: Failed to parse mapping resource: 'file [E:\workspace\study\cf-fs-account\web\target\classes\mapping\UserMapper.xml]'; nested exception is org.apache.ibatis.builder.BuilderException: Error parsing Mapper XML. The XML location is 'file [E:\workspace\study\cf-fs-account\web\target\classes\mapping\UserMapper.xml]'. Cause: org.apache.ibatis.builder.BuilderException: Error resolving class. Cause: org.apache.ibatis.type.TypeException: Could not resolve type alias 'com.heitian.ssm.model.User'.  Cause: java.lang.ClassNotFoundException: Cannot find class: com.heitian.ssm.model.User
	at org.springframework.beans.factory.support.BeanDefinitionValueResolver.resolveReference(BeanDefinitionValueResolver.java:359)
	at org.springframework.beans.factory.support.BeanDefinitionValueResolver.resolveValueIfNecessary(BeanDefinitionValueResolver.java:108)
	at org.springframework.beans.factory.support.AbstractAutowireCapableBeanFactory.applyPropertyValues(AbstractAutowireCapableBeanFactory.java:1481)
	at org.springframework.beans.factory.support.AbstractAutowireCapableBeanFactory.populateBean(AbstractAutowireCapableBeanFactory.java:1226)
	at org.springframework.beans.factory.support.AbstractAutowireCapableBeanFactory.doCreateBean(AbstractAutowireCapableBeanFactory.java:543)
	at org.springframework.beans.factory.support.AbstractAutowireCapableBeanFactory.createBean(AbstractAutowireCapableBeanFactory.java:482)
	at org.springframework.beans.factory.support.AbstractBeanFactory$1.getObject(AbstractBeanFactory.java:306)
	at org.springframework.beans.factory.support.DefaultSingletonBeanRegistry.getSingleton(DefaultSingletonBeanRegistry.java:230)
	at org.springframework.beans.factory.support.AbstractBeanFactory.doGetBean(AbstractBeanFactory.java:302)
	at org.springframework.beans.factory.support.AbstractBeanFactory.getTypeForFactoryBean(AbstractBeanFactory.java:1469)
	at org.springframework.beans.factory.support.AbstractAutowireCapableBeanFactory.getTypeForFactoryBean(AbstractAutowireCapableBeanFactory.java:808)
	at org.springframework.beans.factory.support.AbstractBeanFactory.isTypeMatch(AbstractBeanFactory.java:544)
	at org.springframework.beans.factory.support.DefaultListableBeanFactory.doGetBeanNamesForType(DefaultListableBeanFactory.java:447)
	at org.springframework.beans.factory.support.DefaultListableBeanFactory.getBeanNamesForType(DefaultListableBeanFactory.java:423)
	at org.springframework.beans.factory.BeanFactoryUtils.beanNamesForTypeIncludingAncestors(BeanFactoryUtils.java:220)
	at org.springframework.beans.factory.support.DefaultListableBeanFactory.findAutowireCandidates(DefaultListableBeanFactory.java:1177)
	at org.springframework.beans.factory.support.DefaultListableBeanFactory.doResolveDependency(DefaultListableBeanFactory.java:1116)
	at org.springframework.beans.factory.support.DefaultListableBeanFactory.resolveDependency(DefaultListableBeanFactory.java:1014)
	at org.springframework.beans.factory.annotation.AutowiredAnnotationBeanPostProcessor$AutowiredFieldElement.inject(AutowiredAnnotationBeanPostProcessor.java:545)
	at org.springframework.beans.factory.annotation.InjectionMetadata.inject(InjectionMetadata.java:88)
	at org.springframework.beans.factory.annotation.AutowiredAnnotationBeanPostProcessor.postProcessPropertyValues(AutowiredAnnotationBeanPostProcessor.java:331)
	at org.springframework.beans.factory.support.AbstractAutowireCapableBeanFactory.populateBean(AbstractAutowireCapableBeanFactory.java:1214)
	at org.springframework.beans.factory.support.AbstractAutowireCapableBeanFactory.doCreateBean(AbstractAutowireCapableBeanFactory.java:543)
	at org.springframework.beans.factory.support.AbstractAutowireCapableBeanFactory.createBean(AbstractAutowireCapableBeanFactory.java:482)
	at org.springframework.beans.factory.support.AbstractBeanFactory$1.getObject(AbstractBeanFactory.java:306)
	at org.springframework.beans.factory.support.DefaultSingletonBeanRegistry.getSingleton(DefaultSingletonBeanRegistry.java:230)
	at org.springframework.beans.factory.support.AbstractBeanFactory.doGetBean(AbstractBeanFactory.java:302)
	at org.springframework.beans.factory.support.AbstractBeanFactory.getBean(AbstractBeanFactory.java:197)
	at org.springframework.beans.factory.support.DefaultListableBeanFactory.preInstantiateSingletons(DefaultListableBeanFactory.java:772)
	at org.springframework.context.support.AbstractApplicationContext.finishBeanFactoryInitialization(AbstractApplicationContext.java:839)
	at org.springframework.context.support.AbstractApplicationContext.refresh(AbstractApplicationContext.java:538)
	at org.springframework.web.context.ContextLoader.configureAndRefreshWebApplicationContext(ContextLoader.java:444)
	at org.springframework.web.context.ContextLoader.initWebApplicationContext(ContextLoader.java:326)
	at org.springframework.web.context.ContextLoaderListener.contextInitialized(ContextLoaderListener.java:107)
	at org.eclipse.jetty.server.handler.ContextHandler.startContext(ContextHandler.java:644)
	at org.eclipse.jetty.servlet.ServletContextHandler.startContext(ServletContextHandler.java:229)
	at org.eclipse.jetty.webapp.WebAppContext.startContext(WebAppContext.java:1158)
	at org.eclipse.jetty.server.handler.ContextHandler.doStart(ContextHandler.java:587)
	at org.eclipse.jetty.webapp.WebAppContext.doStart(WebAppContext.java:436)
	at org.mortbay.jetty.plugin.JettyWebAppContext.doStart(JettyWebAppContext.java:180)
	at org.eclipse.jetty.util.component.AbstractLifeCycle.start(AbstractLifeCycle.java:55)
	at org.eclipse.jetty.server.handler.HandlerCollection.doStart(HandlerCollection.java:226)
	at org.eclipse.jetty.server.handler.ContextHandlerCollection.doStart(ContextHandlerCollection.java:164)
	at org.eclipse.jetty.util.component.AbstractLifeCycle.start(AbstractLifeCycle.java:55)
	at org.eclipse.jetty.server.handler.HandlerCollection.doStart(HandlerCollection.java:226)
	at org.eclipse.jetty.util.component.AbstractLifeCycle.start(AbstractLifeCycle.java:55)
	at org.eclipse.jetty.server.handler.HandlerWrapper.doStart(HandlerWrapper.java:95)
	at org.eclipse.jetty.server.Server.doStart(Server.java:258)
	at org.mortbay.jetty.plugin.JettyServer.doStart(JettyServer.java:67)
	at org.eclipse.jetty.util.component.AbstractLifeCycle.start(AbstractLifeCycle.java:55)
	at org.mortbay.jetty.plugin.AbstractJettyMojo.startJetty(AbstractJettyMojo.java:468)
	at org.mortbay.jetty.plugin.AbstractJettyMojo.execute(AbstractJettyMojo.java:408)
	at org.mortbay.jetty.plugin.JettyRunMojo.execute(JettyRunMojo.java:589)
	at org.apache.maven.plugin.DefaultBuildPluginManager.executeMojo(DefaultBuildPluginManager.java:134)
	at org.apache.maven.lifecycle.internal.MojoExecutor.execute(MojoExecutor.java:207)
	at org.apache.maven.lifecycle.internal.MojoExecutor.execute(MojoExecutor.java:153)
	at org.apache.maven.lifecycle.internal.MojoExecutor.execute(MojoExecutor.java:145)
	at org.apache.maven.lifecycle.internal.LifecycleModuleBuilder.buildProject(LifecycleModuleBuilder.java:116)
	at org.apache.maven.lifecycle.internal.LifecycleModuleBuilder.buildProject(LifecycleModuleBuilder.java:80)
	at org.apache.maven.lifecycle.internal.builder.singlethreaded.SingleThreadedBuilder.build(SingleThreadedBuilder.java:51)
	at org.apache.maven.lifecycle.internal.LifecycleStarter.execute(LifecycleStarter.java:128)
	at org.apache.maven.DefaultMaven.doExecute(DefaultMaven.java:307)
	at org.apache.maven.DefaultMaven.doExecute(DefaultMaven.java:193)
	at org.apache.maven.DefaultMaven.execute(DefaultMaven.java:106)
	at org.apache.maven.cli.MavenCli.execute(MavenCli.java:863)
	at org.apache.maven.cli.MavenCli.doMain(MavenCli.java:288)
	at org.apache.maven.cli.MavenCli.main(MavenCli.java:199)
	at sun.reflect.NativeMethodAccessorImpl.invoke0(Native Method)
	at sun.reflect.NativeMethodAccessorImpl.invoke(NativeMethodAccessorImpl.java:62)
	at sun.reflect.DelegatingMethodAccessorImpl.invoke(DelegatingMethodAccessorImpl.java:43)
	at java.lang.reflect.Method.invoke(Method.java:498)
	at org.codehaus.plexus.classworlds.launcher.Launcher.launchEnhanced(Launcher.java:289)
	at org.codehaus.plexus.classworlds.launcher.Launcher.launch(Launcher.java:229)
	at org.codehaus.plexus.classworlds.launcher.Launcher.mainWithExitCode(Launcher.java:415)
	at org.codehaus.plexus.classworlds.launcher.Launcher.main(Launcher.java:356)
	at org.codehaus.classworlds.Launcher.main(Launcher.java:47)
Caused by: org.springframework.beans.factory.BeanCreationException: Error creating bean with name 'sqlSessionFactory' defined in class path resource [spring-mybatis.xml]: Invocation of init method failed; nested exception is org.springframework.core.NestedIOException: Failed to parse mapping resource: 'file [E:\workspace\study\cf-fs-account\web\target\classes\mapping\UserMapper.xml]'; nested exception is org.apache.ibatis.builder.BuilderException: Error parsing Mapper XML. The XML location is 'file [E:\workspace\study\cf-fs-account\web\target\classes\mapping\UserMapper.xml]'. Cause: org.apache.ibatis.builder.BuilderException: Error resolving class. Cause: org.apache.ibatis.type.TypeException: Could not resolve type alias 'com.heitian.ssm.model.User'.  Cause: java.lang.ClassNotFoundException: Cannot find class: com.heitian.ssm.model.User
	at org.springframework.beans.factory.support.AbstractAutowireCapableBeanFactory.initializeBean(AbstractAutowireCapableBeanFactory.java:1578)
	at org.springframework.beans.factory.support.AbstractAutowireCapableBeanFactory.doCreateBean(AbstractAutowireCapableBeanFactory.java:545)
	at org.springframework.beans.factory.support.AbstractAutowireCapableBeanFactory.createBean(AbstractAutowireCapableBeanFactory.java:482)
	at org.springframework.beans.factory.support.AbstractBeanFactory$1.getObject(AbstractBeanFactory.java:306)
	at org.springframework.beans.factory.support.DefaultSingletonBeanRegistry.getSingleton(DefaultSingletonBeanRegistry.java:230)
	at org.springframework.beans.factory.support.AbstractBeanFactory.doGetBean(AbstractBeanFactory.java:302)
	at org.springframework.beans.factory.support.AbstractBeanFactory.getBean(AbstractBeanFactory.java:197)
	at org.springframework.beans.factory.support.BeanDefinitionValueResolver.resolveReference(BeanDefinitionValueResolver.java:351)
	... 75 more
Caused by: org.springframework.core.NestedIOException: Failed to parse mapping resource: 'file [E:\workspace\study\cf-fs-account\web\target\classes\mapping\UserMapper.xml]'; nested exception is org.apache.ibatis.builder.BuilderException: Error parsing Mapper XML. The XML location is 'file [E:\workspace\study\cf-fs-account\web\target\classes\mapping\UserMapper.xml]'. Cause: org.apache.ibatis.builder.BuilderException: Error resolving class. Cause: org.apache.ibatis.type.TypeException: Could not resolve type alias 'com.heitian.ssm.model.User'.  Cause: java.lang.ClassNotFoundException: Cannot find class: com.heitian.ssm.model.User
	at org.mybatis.spring.SqlSessionFactoryBean.buildSqlSessionFactory(SqlSessionFactoryBean.java:466)
	at org.mybatis.spring.SqlSessionFactoryBean.afterPropertiesSet(SqlSessionFactoryBean.java:340)
	at org.springframework.beans.factory.support.AbstractAutowireCapableBeanFactory.invokeInitMethods(AbstractAutowireCapableBeanFactory.java:1637)
	at org.springframework.beans.factory.support.AbstractAutowireCapableBeanFactory.initializeBean(AbstractAutowireCapableBeanFactory.java:1574)
	... 82 more
Caused by: org.apache.ibatis.builder.BuilderException: Error parsing Mapper XML. The XML location is 'file [E:\workspace\study\cf-fs-account\web\target\classes\mapping\UserMapper.xml]'. Cause: org.apache.ibatis.builder.BuilderException: Error resolving class. Cause: org.apache.ibatis.type.TypeException: Could not resolve type alias 'com.heitian.ssm.model.User'.  Cause: java.lang.ClassNotFoundException: Cannot find class: com.heitian.ssm.model.User
	at org.apache.ibatis.builder.xml.XMLMapperBuilder.configurationElement(XMLMapperBuilder.java:120)
	at org.apache.ibatis.builder.xml.XMLMapperBuilder.parse(XMLMapperBuilder.java:92)
	at org.mybatis.spring.SqlSessionFactoryBean.buildSqlSessionFactory(SqlSessionFactoryBean.java:464)
	... 85 more
Caused by: org.apache.ibatis.builder.BuilderException: Error resolving class. Cause: org.apache.ibatis.type.TypeException: Could not resolve type alias 'com.heitian.ssm.model.User'.  Cause: java.lang.ClassNotFoundException: Cannot find class: com.heitian.ssm.model.User
	at org.apache.ibatis.builder.BaseBuilder.resolveClass(BaseBuilder.java:118)
	at org.apache.ibatis.builder.xml.XMLMapperBuilder.resultMapElement(XMLMapperBuilder.java:265)
	at org.apache.ibatis.builder.xml.XMLMapperBuilder.resultMapElement(XMLMapperBuilder.java:252)
	at org.apache.ibatis.builder.xml.XMLMapperBuilder.resultMapElements(XMLMapperBuilder.java:244)
	at org.apache.ibatis.builder.xml.XMLMapperBuilder.configurationElement(XMLMapperBuilder.java:116)
	... 87 more
Caused by: org.apache.ibatis.type.TypeException: Could not resolve type alias 'com.heitian.ssm.model.User'.  Cause: java.lang.ClassNotFoundException: Cannot find class: com.heitian.ssm.model.User
	at org.apache.ibatis.type.TypeAliasRegistry.resolveAlias(TypeAliasRegistry.java:120)
	at org.apache.ibatis.builder.BaseBuilder.resolveAlias(BaseBuilder.java:149)
	at org.apache.ibatis.builder.BaseBuilder.resolveClass(BaseBuilder.java:116)
	... 91 more
Caused by: java.lang.ClassNotFoundException: Cannot find class: com.heitian.ssm.model.User
	at org.apache.ibatis.io.ClassLoaderWrapper.classForName(ClassLoaderWrapper.java:200)
	at org.apache.ibatis.io.ClassLoaderWrapper.classForName(ClassLoaderWrapper.java:89)
	at org.apache.ibatis.io.Resources.classForName(Resources.java:261)
	at org.apache.ibatis.type.TypeAliasRegistry.resolveAlias(TypeAliasRegistry.java:116)
	... 93 more
Related cause:
org.springframework.beans.factory.BeanCreationException: Error creating bean with name 'userDao' defined in file [E:\workspace\study\cf-fs-account\web\target\classes\com\heitian\ssm\com\heitian\dao\UserDao.class]: Cannot resolve reference to bean 'sqlSessionFactory' while setting bean property 'sqlSessionFactory'; nested exception is org.springframework.beans.factory.BeanCreationException: Error creating bean with name 'sqlSessionFactory' defined in class path resource [spring-mybatis.xml]: Invocation of init method failed; nested exception is org.springframework.core.NestedIOException: Failed to parse mapping resource: 'file [E:\workspace\study\cf-fs-account\web\target\classes\mapping\UserMapper.xml]'; nested exception is org.apache.ibatis.builder.BuilderException: Error parsing Mapper XML. The XML location is 'file [E:\workspace\study\cf-fs-account\web\target\classes\mapping\UserMapper.xml]'. Cause: org.apache.ibatis.builder.BuilderException: Error resolving class. Cause: org.apache.ibatis.type.TypeException: Could not resolve type alias 'com.heitian.ssm.model.User'.  Cause: java.lang.ClassNotFoundException: Cannot find class: com.heitian.ssm.model.User
	at org.springframework.beans.factory.support.BeanDefinitionValueResolver.resolveReference(BeanDefinitionValueResolver.java:359)
	at org.springframework.beans.factory.support.BeanDefinitionValueResolver.resolveValueIfNecessary(BeanDefinitionValueResolver.java:108)
	at org.springframework.beans.factory.support.AbstractAutowireCapableBeanFactory.applyPropertyValues(AbstractAutowireCapableBeanFactory.java:1481)
	at org.springframework.beans.factory.support.AbstractAutowireCapableBeanFactory.populateBean(AbstractAutowireCapableBeanFactory.java:1226)
	at org.springframework.beans.factory.support.AbstractAutowireCapableBeanFactory.doCreateBean(AbstractAutowireCapableBeanFactory.java:543)
	at org.springframework.beans.factory.support.AbstractAutowireCapableBeanFactory.createBean(AbstractAutowireCapableBeanFactory.java:482)
	at org.springframework.beans.factory.support.AbstractBeanFactory$1.getObject(AbstractBeanFactory.java:306)
	at org.springframework.beans.factory.support.DefaultSingletonBeanRegistry.getSingleton(DefaultSingletonBeanRegistry.java:230)
	at org.springframework.beans.factory.support.AbstractBeanFactory.doGetBean(AbstractBeanFactory.java:302)
	at org.springframework.beans.factory.support.AbstractBeanFactory.getTypeForFactoryBean(AbstractBeanFactory.java:1469)
	at org.springframework.beans.factory.support.AbstractAutowireCapableBeanFactory.getTypeForFactoryBean(AbstractAutowireCapableBeanFactory.java:808)
	at org.springframework.beans.factory.support.AbstractBeanFactory.isTypeMatch(AbstractBeanFactory.java:544)
	at org.springframework.beans.factory.support.DefaultListableBeanFactory.doGetBeanNamesForType(DefaultListableBeanFactory.java:447)
	at org.springframework.beans.factory.support.DefaultListableBeanFactory.getBeanNamesForType(DefaultListableBeanFactory.java:423)
	at org.springframework.beans.factory.BeanFactoryUtils.beanNamesForTypeIncludingAncestors(BeanFactoryUtils.java:220)
	at org.springframework.beans.factory.support.DefaultListableBeanFactory.findAutowireCandidates(DefaultListableBeanFactory.java:1177)
	at org.springframework.beans.factory.support.DefaultListableBeanFactory.doResolveDependency(DefaultListableBeanFactory.java:1116)
	at org.springframework.beans.factory.support.DefaultListableBeanFactory.resolveDependency(DefaultListableBeanFactory.java:1014)
	at org.springframework.beans.factory.annotation.AutowiredAnnotationBeanPostProcessor$AutowiredFieldElement.inject(AutowiredAnnotationBeanPostProcessor.java:545)
	at org.springframework.beans.factory.annotation.InjectionMetadata.inject(InjectionMetadata.java:88)
	at org.springframework.beans.factory.annotation.AutowiredAnnotationBeanPostProcessor.postProcessPropertyValues(AutowiredAnnotationBeanPostProcessor.java:331)
	at org.springframework.beans.factory.support.AbstractAutowireCapableBeanFactory.populateBean(AbstractAutowireCapableBeanFactory.java:1214)
	at org.springframework.beans.factory.support.AbstractAutowireCapableBeanFactory.doCreateBean(AbstractAutowireCapableBeanFactory.java:543)
	at org.springframework.beans.factory.support.AbstractAutowireCapableBeanFactory.createBean(AbstractAutowireCapableBeanFactory.java:482)
	at org.springframework.beans.factory.support.AbstractBeanFactory$1.getObject(AbstractBeanFactory.java:306)
	at org.springframework.beans.factory.support.DefaultSingletonBeanRegistry.getSingleton(DefaultSingletonBeanRegistry.java:230)
	at org.springframework.beans.factory.support.AbstractBeanFactory.doGetBean(AbstractBeanFactory.java:302)
	at org.springframework.beans.factory.support.AbstractBeanFactory.getBean(AbstractBeanFactory.java:197)
	at org.springframework.beans.factory.support.DefaultListableBeanFactory.findAutowireCandidates(DefaultListableBeanFactory.java:1192)
	at org.springframework.beans.factory.support.DefaultListableBeanFactory.doResolveDependency(DefaultListableBeanFactory.java:1116)
	at org.springframework.beans.factory.support.DefaultListableBeanFactory.resolveDependency(DefaultListableBeanFactory.java:1014)
	at org.springframework.beans.factory.annotation.AutowiredAnnotationBeanPostProcessor$AutowiredFieldElement.inject(AutowiredAnnotationBeanPostProcessor.java:545)
	at org.springframework.beans.factory.annotation.InjectionMetadata.inject(InjectionMetadata.java:88)
	at org.springframework.beans.factory.annotation.AutowiredAnnotationBeanPostProcessor.postProcessPropertyValues(AutowiredAnnotationBeanPostProcessor.java:331)
	at org.springframework.beans.factory.support.AbstractAutowireCapableBeanFactory.populateBean(AbstractAutowireCapableBeanFactory.java:1214)
	at org.springframework.beans.factory.support.AbstractAutowireCapableBeanFactory.doCreateBean(AbstractAutowireCapableBeanFactory.java:543)
	at org.springframework.beans.factory.support.AbstractAutowireCapableBeanFactory.createBean(AbstractAutowireCapableBeanFactory.java:482)
	at org.springframework.beans.factory.support.AbstractBeanFactory$1.getObject(AbstractBeanFactory.java:306)
	at org.springframework.beans.factory.support.DefaultSingletonBeanRegistry.getSingleton(DefaultSingletonBeanRegistry.java:230)
	at org.springframework.beans.factory.support.AbstractBeanFactory.doGetBean(AbstractBeanFactory.java:302)
	at org.springframework.beans.factory.support.AbstractBeanFactory.getBean(AbstractBeanFactory.java:197)
	at org.springframework.beans.factory.support.DefaultListableBeanFactory.preInstantiateSingletons(DefaultListableBeanFactory.java:772)
	at org.springframework.context.support.AbstractApplicationContext.finishBeanFactoryInitialization(AbstractApplicationContext.java:839)
	at org.springframework.context.support.AbstractApplicationContext.refresh(AbstractApplicationContext.java:538)
	at org.springframework.web.context.ContextLoader.configureAndRefreshWebApplicationContext(ContextLoader.java:444)
	at org.springframework.web.context.ContextLoader.initWebApplicationContext(ContextLoader.java:326)
	at org.springframework.web.context.ContextLoaderListener.contextInitialized(ContextLoaderListener.java:107)
	at org.eclipse.jetty.server.handler.ContextHandler.startContext(ContextHandler.java:644)
	at org.eclipse.jetty.servlet.ServletContextHandler.startContext(ServletContextHandler.java:229)
	at org.eclipse.jetty.webapp.WebAppContext.startContext(WebAppContext.java:1158)
	at org.eclipse.jetty.server.handler.ContextHandler.doStart(ContextHandler.java:587)
	at org.eclipse.jetty.webapp.WebAppContext.doStart(WebAppContext.java:436)
	at org.mortbay.jetty.plugin.JettyWebAppContext.doStart(JettyWebAppContext.java:180)
	at org.eclipse.jetty.util.component.AbstractLifeCycle.start(AbstractLifeCycle.java:55)
	at org.eclipse.jetty.server.handler.HandlerCollection.doStart(HandlerCollection.java:226)
	at org.eclipse.jetty.server.handler.ContextHandlerCollection.doStart(ContextHandlerCollection.java:164)
	at org.eclipse.jetty.util.component.AbstractLifeCycle.start(AbstractLifeCycle.java:55)
	at org.eclipse.jetty.server.handler.HandlerCollection.doStart(HandlerCollection.java:226)
	at org.eclipse.jetty.util.component.AbstractLifeCycle.start(AbstractLifeCycle.java:55)
	at org.eclipse.jetty.server.handler.HandlerWrapper.doStart(HandlerWrapper.java:95)
	at org.eclipse.jetty.server.Server.doStart(Server.java:258)
	at org.mortbay.jetty.plugin.JettyServer.doStart(JettyServer.java:67)
	at org.eclipse.jetty.util.component.AbstractLifeCycle.start(AbstractLifeCycle.java:55)
	at org.mortbay.jetty.plugin.AbstractJettyMojo.startJetty(AbstractJettyMojo.java:468)
	at org.mortbay.jetty.plugin.AbstractJettyMojo.execute(AbstractJettyMojo.java:408)
	at org.mortbay.jetty.plugin.JettyRunMojo.execute(JettyRunMojo.java:589)
	at org.apache.maven.plugin.DefaultBuildPluginManager.executeMojo(DefaultBuildPluginManager.java:134)
	at org.apache.maven.lifecycle.internal.MojoExecutor.execute(MojoExecutor.java:207)
	at org.apache.maven.lifecycle.internal.MojoExecutor.execute(MojoExecutor.java:153)
	at org.apache.maven.lifecycle.internal.MojoExecutor.execute(MojoExecutor.java:145)
	at org.apache.maven.lifecycle.internal.LifecycleModuleBuilder.buildProject(LifecycleModuleBuilder.java:116)
	at org.apache.maven.lifecycle.internal.LifecycleModuleBuilder.buildProject(LifecycleModuleBuilder.java:80)
	at org.apache.maven.lifecycle.internal.builder.singlethreaded.SingleThreadedBuilder.build(SingleThreadedBuilder.java:51)
	at org.apache.maven.lifecycle.internal.LifecycleStarter.execute(LifecycleStarter.java:128)
	at org.apache.maven.DefaultMaven.doExecute(DefaultMaven.java:307)
	at org.apache.maven.DefaultMaven.doExecute(DefaultMaven.java:193)
	at org.apache.maven.DefaultMaven.execute(DefaultMaven.java:106)
	at org.apache.maven.cli.MavenCli.execute(MavenCli.java:863)
	at org.apache.maven.cli.MavenCli.doMain(MavenCli.java:288)
	at org.apache.maven.cli.MavenCli.main(MavenCli.java:199)
	at sun.reflect.NativeMethodAccessorImpl.invoke0(Native Method)
	at sun.reflect.NativeMethodAccessorImpl.invoke(NativeMethodAccessorImpl.java:62)
	at sun.reflect.DelegatingMethodAccessorImpl.invoke(DelegatingMethodAccessorImpl.java:43)
	at java.lang.reflect.Method.invoke(Method.java:498)
	at org.codehaus.plexus.classworlds.launcher.Launcher.launchEnhanced(Launcher.java:289)
	at org.codehaus.plexus.classworlds.launcher.Launcher.launch(Launcher.java:229)
	at org.codehaus.plexus.classworlds.launcher.Launcher.mainWithExitCode(Launcher.java:415)
	at org.codehaus.plexus.classworlds.launcher.Launcher.main(Launcher.java:356)
	at org.codehaus.classworlds.Launcher.main(Launcher.java:47)
Caused by: org.springframework.beans.factory.BeanCreationException: Error creating bean with name 'sqlSessionFactory' defined in class path resource [spring-mybatis.xml]: Invocation of init method failed; nested exception is org.springframework.core.NestedIOException: Failed to parse mapping resource: 'file [E:\workspace\study\cf-fs-account\web\target\classes\mapping\UserMapper.xml]'; nested exception is org.apache.ibatis.builder.BuilderException: Error parsing Mapper XML. The XML location is 'file [E:\workspace\study\cf-fs-account\web\target\classes\mapping\UserMapper.xml]'. Cause: org.apache.ibatis.builder.BuilderException: Error resolving class. Cause: org.apache.ibatis.type.TypeException: Could not resolve type alias 'com.heitian.ssm.model.User'.  Cause: java.lang.ClassNotFoundException: Cannot find class: com.heitian.ssm.model.User
	at org.springframework.beans.factory.support.AbstractAutowireCapableBeanFactory.initializeBean(AbstractAutowireCapableBeanFactory.java:1578)
	at org.springframework.beans.factory.support.AbstractAutowireCapableBeanFactory.doCreateBean(AbstractAutowireCapableBeanFactory.java:545)
	at org.springframework.beans.factory.support.AbstractAutowireCapableBeanFactory.createBean(AbstractAutowireCapableBeanFactory.java:482)
	at org.springframework.beans.factory.support.AbstractBeanFactory$1.getObject(AbstractBeanFactory.java:306)
	at org.springframework.beans.factory.support.DefaultSingletonBeanRegistry.getSingleton(DefaultSingletonBeanRegistry.java:230)
	at org.springframework.beans.factory.support.AbstractBeanFactory.doGetBean(AbstractBeanFactory.java:302)
	at org.springframework.beans.factory.support.AbstractBeanFactory.getBean(AbstractBeanFactory.java:197)
	at org.springframework.beans.factory.support.BeanDefinitionValueResolver.resolveReference(BeanDefinitionValueResolver.java:351)
	... 88 more
Caused by: org.springframework.core.NestedIOException: Failed to parse mapping resource: 'file [E:\workspace\study\cf-fs-account\web\target\classes\mapping\UserMapper.xml]'; nested exception is org.apache.ibatis.builder.BuilderException: Error parsing Mapper XML. The XML location is 'file [E:\workspace\study\cf-fs-account\web\target\classes\mapping\UserMapper.xml]'. Cause: org.apache.ibatis.builder.BuilderException: Error resolving class. Cause: org.apache.ibatis.type.TypeException: Could not resolve type alias 'com.heitian.ssm.model.User'.  Cause: java.lang.ClassNotFoundException: Cannot find class: com.heitian.ssm.model.User
	at org.mybatis.spring.SqlSessionFactoryBean.buildSqlSessionFactory(SqlSessionFactoryBean.java:466)
	at org.mybatis.spring.SqlSessionFactoryBean.afterPropertiesSet(SqlSessionFactoryBean.java:340)
	at org.springframework.beans.factory.support.AbstractAutowireCapableBeanFactory.invokeInitMethods(AbstractAutowireCapableBeanFactory.java:1637)
	at org.springframework.beans.factory.support.AbstractAutowireCapableBeanFactory.initializeBean(AbstractAutowireCapableBeanFactory.java:1574)
	... 95 more
Caused by: org.apache.ibatis.builder.BuilderException: Error parsing Mapper XML. The XML location is 'file [E:\workspace\study\cf-fs-account\web\target\classes\mapping\UserMapper.xml]'. Cause: org.apache.ibatis.builder.BuilderException: Error resolving class. Cause: org.apache.ibatis.type.TypeException: Could not resolve type alias 'com.heitian.ssm.model.User'.  Cause: java.lang.ClassNotFoundException: Cannot find class: com.heitian.ssm.model.User
	at org.apache.ibatis.builder.xml.XMLMapperBuilder.configurationElement(XMLMapperBuilder.java:120)
	at org.apache.ibatis.builder.xml.XMLMapperBuilder.parse(XMLMapperBuilder.java:92)
	at org.mybatis.spring.SqlSessionFactoryBean.buildSqlSessionFactory(SqlSessionFactoryBean.java:464)
	... 98 more
Caused by: org.apache.ibatis.builder.BuilderException: Error resolving class. Cause: org.apache.ibatis.type.TypeException: Could not resolve type alias 'com.heitian.ssm.model.User'.  Cause: java.lang.ClassNotFoundException: Cannot find class: com.heitian.ssm.model.User
	at org.apache.ibatis.builder.BaseBuilder.resolveClass(BaseBuilder.java:118)
	at org.apache.ibatis.builder.xml.XMLMapperBuilder.resultMapElement(XMLMapperBuilder.java:265)
	at org.apache.ibatis.builder.xml.XMLMapperBuilder.resultMapElement(XMLMapperBuilder.java:252)
	at org.apache.ibatis.builder.xml.XMLMapperBuilder.resultMapElements(XMLMapperBuilder.java:244)
	at org.apache.ibatis.builder.xml.XMLMapperBuilder.configurationElement(XMLMapperBuilder.java:116)
	... 100 more
Caused by: org.apache.ibatis.type.TypeException: Could not resolve type alias 'com.heitian.ssm.model.User'.  Cause: java.lang.ClassNotFoundException: Cannot find class: com.heitian.ssm.model.User
	at org.apache.ibatis.type.TypeAliasRegistry.resolveAlias(TypeAliasRegistry.java:120)
	at org.apache.ibatis.builder.BaseBuilder.resolveAlias(BaseBuilder.java:149)
	at org.apache.ibatis.builder.BaseBuilder.resolveClass(BaseBuilder.java:116)
	... 104 more
Caused by: java.lang.ClassNotFoundException: Cannot find class: com.heitian.ssm.model.User
	at org.apache.ibatis.io.ClassLoaderWrapper.classForName(ClassLoaderWrapper.java:200)
	at org.apache.ibatis.io.ClassLoaderWrapper.classForName(ClassLoaderWrapper.java:89)
	at org.apache.ibatis.io.Resources.classForName(Resources.java:261)
	at org.apache.ibatis.type.TypeAliasRegistry.resolveAlias(TypeAliasRegistry.java:116)
	... 106 more
[INFO][main][2018-03-22 16:06:10][org.springframework.web.context.ContextLoader] - Root WebApplicationContext: initialization started
  [INFO][main][2018-03-22 16:06:10][org.springframework.context.support.AbstractApplicationContext] - Refreshing Root WebApplicationContext: startup date [Thu Mar 22 16:06:10 CST 2018]; root of context hierarchy
  [INFO][main][2018-03-22 16:06:10][org.springframework.beans.factory.xml.XmlBeanDefinitionReader] - Loading XML bean definitions from class path resource [spring-mybatis.xml]
  [INFO][main][2018-03-22 16:06:10][org.springframework.core.io.support.PropertiesLoaderSupport] - Loading properties file from class path resource [jdbc.properties]
  [INFO][main][2018-03-22 16:06:10][org.springframework.beans.factory.annotation.AutowiredAnnotationBeanPostProcessor] - JSR-330 'javax.inject.Inject' annotation found and supported for autowiring
  [INFO][main][2018-03-22 16:06:10][org.springframework.web.context.ContextLoader] - Root WebApplicationContext: initialization completed in 493 ms
  [INFO][main][2018-03-22 16:06:10][org.springframework.web.servlet.FrameworkServlet] - FrameworkServlet 'SpringMVC': initialization started
  [INFO][main][2018-03-22 16:06:10][org.springframework.context.support.AbstractApplicationContext] - Refreshing WebApplicationContext for namespace 'SpringMVC-servlet': startup date [Thu Mar 22 16:06:10 CST 2018]; parent: Root WebApplicationContext
  [INFO][main][2018-03-22 16:06:10][org.springframework.beans.factory.xml.XmlBeanDefinitionReader] - Loading XML bean definitions from class path resource [spring-mvc.xml]
  [INFO][main][2018-03-22 16:06:10][org.springframework.beans.factory.annotation.AutowiredAnnotationBeanPostProcessor] - JSR-330 'javax.inject.Inject' annotation found and supported for autowiring
  [INFO][main][2018-03-22 16:06:10][org.springframework.web.servlet.handler.AbstractUrlHandlerMapping] - Mapped URL path [/user/all] onto handler 'userController'
  [INFO][main][2018-03-22 16:06:10][org.springframework.web.servlet.handler.AbstractUrlHandlerMapping] - Mapped URL path [/user/all.*] onto handler 'userController'
  [INFO][main][2018-03-22 16:06:10][org.springframework.web.servlet.handler.AbstractUrlHandlerMapping] - Mapped URL path [/user/all/] onto handler 'userController'
  [INFO][main][2018-03-22 16:06:11][org.springframework.web.servlet.FrameworkServlet] - FrameworkServlet 'SpringMVC': initialization completed in 314 ms
  [WARN][qtp570422884-21][2018-03-22 16:06:46][org.springframework.web.servlet.DispatcherServlet] - No mapping found for HTTP request with URI [/] in DispatcherServlet with name 'SpringMVC'
  [WARN][qtp570422884-17][2018-03-22 16:06:46][org.springframework.web.servlet.DispatcherServlet] - No mapping found for HTTP request with URI [/favicon.ico] in DispatcherServlet with name 'SpringMVC'
  [INFO][main][2018-03-22 16:11:35][org.springframework.web.context.ContextLoader] - Root WebApplicationContext: initialization started
[INFO][main][2018-03-22 16:11:35][org.springframework.context.support.AbstractApplicationContext] - Refreshing Root WebApplicationContext: startup date [Thu Mar 22 16:11:35 CST 2018]; root of context hierarchy
[INFO][main][2018-03-22 16:11:35][org.springframework.beans.factory.xml.XmlBeanDefinitionReader] - Loading XML bean definitions from class path resource [spring-mybatis.xml]
[INFO][main][2018-03-22 16:11:36][org.springframework.core.io.support.PropertiesLoaderSupport] - Loading properties file from class path resource [jdbc.properties]
[INFO][main][2018-03-22 16:11:36][org.springframework.beans.factory.annotation.AutowiredAnnotationBeanPostProcessor] - JSR-330 'javax.inject.Inject' annotation found and supported for autowiring
[INFO][main][2018-03-22 16:11:36][org.springframework.web.context.ContextLoader] - Root WebApplicationContext: initialization completed in 536 ms
[INFO][main][2018-03-22 16:11:36][org.springframework.web.servlet.FrameworkServlet] - FrameworkServlet 'SpringMVC': initialization started
[INFO][main][2018-03-22 16:11:36][org.springframework.context.support.AbstractApplicationContext] - Refreshing WebApplicationContext for namespace 'SpringMVC-servlet': startup date [Thu Mar 22 16:11:36 CST 2018]; parent: Root WebApplicationContext
[INFO][main][2018-03-22 16:11:36][org.springframework.beans.factory.xml.XmlBeanDefinitionReader] - Loading XML bean definitions from class path resource [spring-mvc.xml]
[INFO][main][2018-03-22 16:11:36][org.springframework.beans.factory.annotation.AutowiredAnnotationBeanPostProcessor] - JSR-330 'javax.inject.Inject' annotation found and supported for autowiring
[INFO][main][2018-03-22 16:11:36][org.springframework.web.servlet.handler.AbstractUrlHandlerMapping] - Mapped URL path [/user/all] onto handler 'userController'
[INFO][main][2018-03-22 16:11:36][org.springframework.web.servlet.handler.AbstractUrlHandlerMapping] - Mapped URL path [/user/all.*] onto handler 'userController'
[INFO][main][2018-03-22 16:11:36][org.springframework.web.servlet.handler.AbstractUrlHandlerMapping] - Mapped URL path [/user/all/] onto handler 'userController'
[INFO][main][2018-03-22 16:11:36][org.springframework.web.servlet.FrameworkServlet] - FrameworkServlet 'SpringMVC': initialization completed in 265 ms
[INFO][main][2018-03-22 16:13:13][org.springframework.web.context.ContextLoader] - Root WebApplicationContext: initialization started
[INFO][main][2018-03-22 16:13:13][org.springframework.context.support.AbstractApplicationContext] - Refreshing Root WebApplicationContext: startup date [Thu Mar 22 16:13:13 CST 2018]; root of context hierarchy
[INFO][main][2018-03-22 16:13:13][org.springframework.beans.factory.xml.XmlBeanDefinitionReader] - Loading XML bean definitions from class path resource [spring-mybatis.xml]
[INFO][main][2018-03-22 16:13:13][org.springframework.core.io.support.PropertiesLoaderSupport] - Loading properties file from class path resource [jdbc.properties]
[INFO][main][2018-03-22 16:13:13][org.springframework.beans.factory.annotation.AutowiredAnnotationBeanPostProcessor] - JSR-330 'javax.inject.Inject' annotation found and supported for autowiring
[INFO][main][2018-03-22 16:13:13][org.springframework.web.context.ContextLoader] - Root WebApplicationContext: initialization completed in 530 ms
[INFO][main][2018-03-22 16:13:13][org.springframework.web.servlet.FrameworkServlet] - FrameworkServlet 'SpringMVC': initialization started
[INFO][main][2018-03-22 16:13:13][org.springframework.context.support.AbstractApplicationContext] - Refreshing WebApplicationContext for namespace 'SpringMVC-servlet': startup date [Thu Mar 22 16:13:13 CST 2018]; parent: Root WebApplicationContext
[INFO][main][2018-03-22 16:13:13][org.springframework.beans.factory.xml.XmlBeanDefinitionReader] - Loading XML bean definitions from class path resource [spring-mvc.xml]
[INFO][main][2018-03-22 16:13:13][org.springframework.beans.factory.annotation.AutowiredAnnotationBeanPostProcessor] - JSR-330 'javax.inject.Inject' annotation found and supported for autowiring
[INFO][main][2018-03-22 16:13:13][org.springframework.web.servlet.handler.AbstractUrlHandlerMapping] - Mapped URL path [/user/all] onto handler 'userController'
[INFO][main][2018-03-22 16:13:13][org.springframework.web.servlet.handler.AbstractUrlHandlerMapping] - Mapped URL path [/user/all.*] onto handler 'userController'
[INFO][main][2018-03-22 16:13:13][org.springframework.web.servlet.handler.AbstractUrlHandlerMapping] - Mapped URL path [/user/all/] onto handler 'userController'
[INFO][main][2018-03-22 16:13:13][org.springframework.web.servlet.FrameworkServlet] - FrameworkServlet 'SpringMVC': initialization completed in 297 ms
[INFO][main][2018-03-22 16:13:55][org.springframework.web.context.ContextLoader] - Root WebApplicationContext: initialization started
[INFO][main][2018-03-22 16:13:55][org.springframework.context.support.AbstractApplicationContext] - Refreshing Root WebApplicationContext: startup date [Thu Mar 22 16:13:55 CST 2018]; root of context hierarchy
[INFO][main][2018-03-22 16:13:55][org.springframework.beans.factory.xml.XmlBeanDefinitionReader] - Loading XML bean definitions from class path resource [spring-mybatis.xml]
[INFO][main][2018-03-22 16:13:55][org.springframework.core.io.support.PropertiesLoaderSupport] - Loading properties file from class path resource [jdbc.properties]
[INFO][main][2018-03-22 16:13:55][org.springframework.beans.factory.annotation.AutowiredAnnotationBeanPostProcessor] - JSR-330 'javax.inject.Inject' annotation found and supported for autowiring
[INFO][main][2018-03-22 16:13:55][org.springframework.web.context.ContextLoader] - Root WebApplicationContext: initialization completed in 536 ms
[INFO][main][2018-03-22 16:13:55][org.springframework.web.servlet.FrameworkServlet] - FrameworkServlet 'SpringMVC': initialization started
[INFO][main][2018-03-22 16:13:55][org.springframework.context.support.AbstractApplicationContext] - Refreshing WebApplicationContext for namespace 'SpringMVC-servlet': startup date [Thu Mar 22 16:13:55 CST 2018]; parent: Root WebApplicationContext
[INFO][main][2018-03-22 16:13:55][org.springframework.beans.factory.xml.XmlBeanDefinitionReader] - Loading XML bean definitions from class path resource [spring-mvc.xml]
[INFO][main][2018-03-22 16:13:55][org.springframework.beans.factory.annotation.AutowiredAnnotationBeanPostProcessor] - JSR-330 'javax.inject.Inject' annotation found and supported for autowiring
[INFO][main][2018-03-22 16:13:56][org.springframework.web.servlet.handler.AbstractUrlHandlerMapping] - Mapped URL path [/user/all] onto handler 'userController'
[INFO][main][2018-03-22 16:13:56][org.springframework.web.servlet.handler.AbstractUrlHandlerMapping] - Mapped URL path [/user/all.*] onto handler 'userController'
[INFO][main][2018-03-22 16:13:56][org.springframework.web.servlet.handler.AbstractUrlHandlerMapping] - Mapped URL path [/user/all/] onto handler 'userController'
[INFO][main][2018-03-22 16:13:56][org.springframework.web.servlet.FrameworkServlet] - FrameworkServlet 'SpringMVC': initialization completed in 309 ms
[INFO][main][2018-03-22 16:16:59][org.springframework.web.context.ContextLoader] - Root WebApplicationContext: initialization started
[INFO][main][2018-03-22 16:16:59][org.springframework.context.support.AbstractApplicationContext] - Refreshing Root WebApplicationContext: startup date [Thu Mar 22 16:16:59 CST 2018]; root of context hierarchy
[INFO][main][2018-03-22 16:17:00][org.springframework.beans.factory.xml.XmlBeanDefinitionReader] - Loading XML bean definitions from class path resource [spring-mybatis.xml]
[INFO][main][2018-03-22 16:17:00][org.springframework.core.io.support.PropertiesLoaderSupport] - Loading properties file from class path resource [jdbc.properties]
[INFO][main][2018-03-22 16:17:00][org.springframework.beans.factory.annotation.AutowiredAnnotationBeanPostProcessor] - JSR-330 'javax.inject.Inject' annotation found and supported for autowiring
[INFO][main][2018-03-22 16:17:00][org.springframework.web.context.ContextLoader] - Root WebApplicationContext: initialization completed in 483 ms
[INFO][main][2018-03-22 16:17:00][org.springframework.web.servlet.FrameworkServlet] - FrameworkServlet 'SpringMVC': initialization started
[INFO][main][2018-03-22 16:17:00][org.springframework.context.support.AbstractApplicationContext] - Refreshing WebApplicationContext for namespace 'SpringMVC-servlet': startup date [Thu Mar 22 16:17:00 CST 2018]; parent: Root WebApplicationContext
[INFO][main][2018-03-22 16:17:00][org.springframework.beans.factory.xml.XmlBeanDefinitionReader] - Loading XML bean definitions from class path resource [spring-mvc.xml]
[INFO][main][2018-03-22 16:17:00][org.springframework.beans.factory.annotation.AutowiredAnnotationBeanPostProcessor] - JSR-330 'javax.inject.Inject' annotation found and supported for autowiring
[INFO][main][2018-03-22 16:17:00][org.springframework.web.servlet.handler.AbstractUrlHandlerMapping] - Mapped URL path [/user/all] onto handler 'userController'
[INFO][main][2018-03-22 16:17:00][org.springframework.web.servlet.handler.AbstractUrlHandlerMapping] - Mapped URL path [/user/all.*] onto handler 'userController'
[INFO][main][2018-03-22 16:17:00][org.springframework.web.servlet.handler.AbstractUrlHandlerMapping] - Mapped URL path [/user/all/] onto handler 'userController'
[INFO][main][2018-03-22 16:17:00][org.springframework.web.servlet.FrameworkServlet] - FrameworkServlet 'SpringMVC': initialization completed in 299 ms
[INFO][main][2018-03-22 16:22:23][org.springframework.web.context.ContextLoader] - Root WebApplicationContext: initialization started
[INFO][main][2018-03-22 16:22:23][org.springframework.context.support.AbstractApplicationContext] - Refreshing Root WebApplicationContext: startup date [Thu Mar 22 16:22:23 CST 2018]; root of context hierarchy
[INFO][main][2018-03-22 16:22:23][org.springframework.beans.factory.xml.XmlBeanDefinitionReader] - Loading XML bean definitions from class path resource [spring-mybatis.xml]
[INFO][main][2018-03-22 16:22:23][org.springframework.core.io.support.PropertiesLoaderSupport] - Loading properties file from class path resource [jdbc.properties]
[WARN][main][2018-03-22 16:22:23][org.springframework.context.support.AbstractApplicationContext] - Exception encountered during context initialization - cancelling refresh attempt: org.springframework.beans.factory.BeanDefinitionStoreException: Invalid bean definition with name 'dataSource' defined in class path resource [spring-mybatis.xml]: Could not resolve placeholder 'jdbcUr' in string value "${jdbcUr}"; nested exception is java.lang.IllegalArgumentException: Could not resolve placeholder 'jdbcUr' in string value "${jdbcUr}"
[ERROR][main][2018-03-22 16:22:23][org.springframework.web.context.ContextLoader] - Context initialization failed
org.springframework.beans.factory.BeanDefinitionStoreException: Invalid bean definition with name 'dataSource' defined in class path resource [spring-mybatis.xml]: Could not resolve placeholder 'jdbcUr' in string value "${jdbcUr}"; nested exception is java.lang.IllegalArgumentException: Could not resolve placeholder 'jdbcUr' in string value "${jdbcUr}"
	at org.springframework.beans.factory.config.PlaceholderConfigurerSupport.doProcessProperties(PlaceholderConfigurerSupport.java:211)
	at org.springframework.beans.factory.config.PropertyPlaceholderConfigurer.processProperties(PropertyPlaceholderConfigurer.java:222)
	at org.springframework.beans.factory.config.PropertyResourceConfigurer.postProcessBeanFactory(PropertyResourceConfigurer.java:86)
	at org.springframework.context.support.PostProcessorRegistrationDelegate.invokeBeanFactoryPostProcessors(PostProcessorRegistrationDelegate.java:284)
	at org.springframework.context.support.PostProcessorRegistrationDelegate.invokeBeanFactoryPostProcessors(PostProcessorRegistrationDelegate.java:166)
	at org.springframework.context.support.AbstractApplicationContext.invokeBeanFactoryPostProcessors(AbstractApplicationContext.java:678)
	at org.springframework.context.support.AbstractApplicationContext.refresh(AbstractApplicationContext.java:520)
	at org.springframework.web.context.ContextLoader.configureAndRefreshWebApplicationContext(ContextLoader.java:444)
	at org.springframework.web.context.ContextLoader.initWebApplicationContext(ContextLoader.java:326)
	at org.springframework.web.context.ContextLoaderListener.contextInitialized(ContextLoaderListener.java:107)
	at org.eclipse.jetty.server.handler.ContextHandler.startContext(ContextHandler.java:644)
	at org.eclipse.jetty.servlet.ServletContextHandler.startContext(ServletContextHandler.java:229)
	at org.eclipse.jetty.webapp.WebAppContext.startContext(WebAppContext.java:1158)
	at org.eclipse.jetty.server.handler.ContextHandler.doStart(ContextHandler.java:587)
	at org.eclipse.jetty.webapp.WebAppContext.doStart(WebAppContext.java:436)
	at org.mortbay.jetty.plugin.JettyWebAppContext.doStart(JettyWebAppContext.java:180)
	at org.eclipse.jetty.util.component.AbstractLifeCycle.start(AbstractLifeCycle.java:55)
	at org.eclipse.jetty.server.handler.HandlerCollection.doStart(HandlerCollection.java:226)
	at org.eclipse.jetty.server.handler.ContextHandlerCollection.doStart(ContextHandlerCollection.java:164)
	at org.eclipse.jetty.util.component.AbstractLifeCycle.start(AbstractLifeCycle.java:55)
	at org.eclipse.jetty.server.handler.HandlerCollection.doStart(HandlerCollection.java:226)
	at org.eclipse.jetty.util.component.AbstractLifeCycle.start(AbstractLifeCycle.java:55)
	at org.eclipse.jetty.server.handler.HandlerWrapper.doStart(HandlerWrapper.java:95)
	at org.eclipse.jetty.server.Server.doStart(Server.java:258)
	at org.mortbay.jetty.plugin.JettyServer.doStart(JettyServer.java:67)
	at org.eclipse.jetty.util.component.AbstractLifeCycle.start(AbstractLifeCycle.java:55)
	at org.mortbay.jetty.plugin.AbstractJettyMojo.startJetty(AbstractJettyMojo.java:468)
	at org.mortbay.jetty.plugin.AbstractJettyMojo.execute(AbstractJettyMojo.java:408)
	at org.mortbay.jetty.plugin.JettyRunMojo.execute(JettyRunMojo.java:589)
	at org.apache.maven.plugin.DefaultBuildPluginManager.executeMojo(DefaultBuildPluginManager.java:134)
	at org.apache.maven.lifecycle.internal.MojoExecutor.execute(MojoExecutor.java:207)
	at org.apache.maven.lifecycle.internal.MojoExecutor.execute(MojoExecutor.java:153)
	at org.apache.maven.lifecycle.internal.MojoExecutor.execute(MojoExecutor.java:145)
	at org.apache.maven.lifecycle.internal.LifecycleModuleBuilder.buildProject(LifecycleModuleBuilder.java:116)
	at org.apache.maven.lifecycle.internal.LifecycleModuleBuilder.buildProject(LifecycleModuleBuilder.java:80)
	at org.apache.maven.lifecycle.internal.builder.singlethreaded.SingleThreadedBuilder.build(SingleThreadedBuilder.java:51)
	at org.apache.maven.lifecycle.internal.LifecycleStarter.execute(LifecycleStarter.java:128)
	at org.apache.maven.DefaultMaven.doExecute(DefaultMaven.java:307)
	at org.apache.maven.DefaultMaven.doExecute(DefaultMaven.java:193)
	at org.apache.maven.DefaultMaven.execute(DefaultMaven.java:106)
	at org.apache.maven.cli.MavenCli.execute(MavenCli.java:863)
	at org.apache.maven.cli.MavenCli.doMain(MavenCli.java:288)
	at org.apache.maven.cli.MavenCli.main(MavenCli.java:199)
	at sun.reflect.NativeMethodAccessorImpl.invoke0(Native Method)
	at sun.reflect.NativeMethodAccessorImpl.invoke(NativeMethodAccessorImpl.java:62)
	at sun.reflect.DelegatingMethodAccessorImpl.invoke(DelegatingMethodAccessorImpl.java:43)
	at java.lang.reflect.Method.invoke(Method.java:498)
	at org.codehaus.plexus.classworlds.launcher.Launcher.launchEnhanced(Launcher.java:289)
	at org.codehaus.plexus.classworlds.launcher.Launcher.launch(Launcher.java:229)
	at org.codehaus.plexus.classworlds.launcher.Launcher.mainWithExitCode(Launcher.java:415)
	at org.codehaus.plexus.classworlds.launcher.Launcher.main(Launcher.java:356)
	at org.codehaus.classworlds.Launcher.main(Launcher.java:47)
Caused by: java.lang.IllegalArgumentException: Could not resolve placeholder 'jdbcUr' in string value "${jdbcUr}"
	at org.springframework.util.PropertyPlaceholderHelper.parseStringValue(PropertyPlaceholderHelper.java:174)
	at org.springframework.util.PropertyPlaceholderHelper.replacePlaceholders(PropertyPlaceholderHelper.java:126)
	at org.springframework.beans.factory.config.PropertyPlaceholderConfigurer$PlaceholderResolvingStringValueResolver.resolveStringValue(PropertyPlaceholderConfigurer.java:258)
	at org.springframework.beans.factory.config.BeanDefinitionVisitor.resolveStringValue(BeanDefinitionVisitor.java:282)
	at org.springframework.beans.factory.config.BeanDefinitionVisitor.resolveValue(BeanDefinitionVisitor.java:204)
	at org.springframework.beans.factory.config.BeanDefinitionVisitor.visitPropertyValues(BeanDefinitionVisitor.java:141)
	at org.springframework.beans.factory.config.BeanDefinitionVisitor.visitBeanDefinition(BeanDefinitionVisitor.java:82)
	at org.springframework.beans.factory.config.PlaceholderConfigurerSupport.doProcessProperties(PlaceholderConfigurerSupport.java:208)
	... 51 more
[INFO][main][2018-03-22 16:23:02][org.springframework.web.context.ContextLoader] - Root WebApplicationContext: initialization started
[INFO][main][2018-03-22 16:23:02][org.springframework.context.support.AbstractApplicationContext] - Refreshing Root WebApplicationContext: startup date [Thu Mar 22 16:23:02 CST 2018]; root of context hierarchy
[INFO][main][2018-03-22 16:23:02][org.springframework.beans.factory.xml.XmlBeanDefinitionReader] - Loading XML bean definitions from class path resource [spring-mybatis.xml]
[INFO][main][2018-03-22 16:23:02][org.springframework.core.io.support.PropertiesLoaderSupport] - Loading properties file from class path resource [jdbc.properties]
[INFO][main][2018-03-22 16:23:02][org.springframework.beans.factory.annotation.AutowiredAnnotationBeanPostProcessor] - JSR-330 'javax.inject.Inject' annotation found and supported for autowiring
[INFO][main][2018-03-22 16:23:02][org.springframework.web.context.ContextLoader] - Root WebApplicationContext: initialization completed in 506 ms
[INFO][main][2018-03-22 16:23:02][org.springframework.web.servlet.FrameworkServlet] - FrameworkServlet 'SpringMVC': initialization started
[INFO][main][2018-03-22 16:23:02][org.springframework.context.support.AbstractApplicationContext] - Refreshing WebApplicationContext for namespace 'SpringMVC-servlet': startup date [Thu Mar 22 16:23:02 CST 2018]; parent: Root WebApplicationContext
[INFO][main][2018-03-22 16:23:02][org.springframework.beans.factory.xml.XmlBeanDefinitionReader] - Loading XML bean definitions from class path resource [spring-mvc.xml]
[INFO][main][2018-03-22 16:23:02][org.springframework.beans.factory.annotation.AutowiredAnnotationBeanPostProcessor] - JSR-330 'javax.inject.Inject' annotation found and supported for autowiring
[INFO][main][2018-03-22 16:23:02][org.springframework.web.servlet.handler.AbstractUrlHandlerMapping] - Mapped URL path [/user/all] onto handler 'userController'
[INFO][main][2018-03-22 16:23:02][org.springframework.web.servlet.handler.AbstractUrlHandlerMapping] - Mapped URL path [/user/all.*] onto handler 'userController'
[INFO][main][2018-03-22 16:23:02][org.springframework.web.servlet.handler.AbstractUrlHandlerMapping] - Mapped URL path [/user/all/] onto handler 'userController'
[INFO][main][2018-03-22 16:23:02][org.springframework.web.servlet.FrameworkServlet] - FrameworkServlet 'SpringMVC': initialization completed in 302 ms
[INFO][main][2018-03-22 16:25:52][org.springframework.web.context.ContextLoader] - Root WebApplicationContext: initialization started
[INFO][main][2018-03-22 16:25:52][org.springframework.context.support.AbstractApplicationContext] - Refreshing Root WebApplicationContext: startup date [Thu Mar 22 16:25:52 CST 2018]; root of context hierarchy
[INFO][main][2018-03-22 16:25:52][org.springframework.beans.factory.xml.XmlBeanDefinitionReader] - Loading XML bean definitions from class path resource [spring-mybatis.xml]
[INFO][main][2018-03-22 16:25:52][org.springframework.core.io.support.PropertiesLoaderSupport] - Loading properties file from class path resource [jdbc.properties]
[INFO][main][2018-03-22 16:25:52][org.springframework.beans.factory.annotation.AutowiredAnnotationBeanPostProcessor] - JSR-330 'javax.inject.Inject' annotation found and supported for autowiring
[INFO][main][2018-03-22 16:25:53][org.springframework.web.context.ContextLoader] - Root WebApplicationContext: initialization completed in 499 ms
[INFO][main][2018-03-22 16:25:53][org.springframework.web.servlet.FrameworkServlet] - FrameworkServlet 'SpringMVC': initialization started
[INFO][main][2018-03-22 16:25:53][org.springframework.context.support.AbstractApplicationContext] - Refreshing WebApplicationContext for namespace 'SpringMVC-servlet': startup date [Thu Mar 22 16:25:53 CST 2018]; parent: Root WebApplicationContext
[INFO][main][2018-03-22 16:25:53][org.springframework.beans.factory.xml.XmlBeanDefinitionReader] - Loading XML bean definitions from class path resource [spring-mvc.xml]
[INFO][main][2018-03-22 16:25:53][org.springframework.beans.factory.annotation.AutowiredAnnotationBeanPostProcessor] - JSR-330 'javax.inject.Inject' annotation found and supported for autowiring
[INFO][main][2018-03-22 16:25:53][org.springframework.web.servlet.handler.AbstractUrlHandlerMapping] - Mapped URL path [/user/all] onto handler 'userController'
[INFO][main][2018-03-22 16:25:53][org.springframework.web.servlet.handler.AbstractUrlHandlerMapping] - Mapped URL path [/user/all.*] onto handler 'userController'
[INFO][main][2018-03-22 16:25:53][org.springframework.web.servlet.handler.AbstractUrlHandlerMapping] - Mapped URL path [/user/all/] onto handler 'userController'
[INFO][main][2018-03-22 16:25:53][org.springframework.web.servlet.FrameworkServlet] - FrameworkServlet 'SpringMVC': initialization completed in 315 ms
[INFO][main][2018-03-22 16:28:01][org.springframework.web.context.ContextLoader] - Root WebApplicationContext: initialization started
[INFO][main][2018-03-22 16:28:01][org.springframework.context.support.AbstractApplicationContext] - Refreshing Root WebApplicationContext: startup date [Thu Mar 22 16:28:01 CST 2018]; root of context hierarchy
[INFO][main][2018-03-22 16:28:01][org.springframework.beans.factory.xml.XmlBeanDefinitionReader] - Loading XML bean definitions from class path resource [spring-mybatis.xml]
[INFO][main][2018-03-22 16:28:01][org.springframework.core.io.support.PropertiesLoaderSupport] - Loading properties file from class path resource [jdbc.properties]
[INFO][main][2018-03-22 16:28:01][org.springframework.beans.factory.annotation.AutowiredAnnotationBeanPostProcessor] - JSR-330 'javax.inject.Inject' annotation found and supported for autowiring
[INFO][main][2018-03-22 16:28:01][org.springframework.web.context.ContextLoader] - Root WebApplicationContext: initialization completed in 498 ms
[INFO][main][2018-03-22 16:28:02][org.springframework.web.servlet.FrameworkServlet] - FrameworkServlet 'SpringMVC': initialization started
[INFO][main][2018-03-22 16:28:02][org.springframework.context.support.AbstractApplicationContext] - Refreshing WebApplicationContext for namespace 'SpringMVC-servlet': startup date [Thu Mar 22 16:28:02 CST 2018]; parent: Root WebApplicationContext
[INFO][main][2018-03-22 16:28:02][org.springframework.beans.factory.xml.XmlBeanDefinitionReader] - Loading XML bean definitions from class path resource [spring-mvc.xml]
[INFO][main][2018-03-22 16:28:02][org.springframework.beans.factory.annotation.AutowiredAnnotationBeanPostProcessor] - JSR-330 'javax.inject.Inject' annotation found and supported for autowiring
[INFO][main][2018-03-22 16:28:02][org.springframework.web.servlet.handler.AbstractUrlHandlerMapping] - Mapped URL path [/user/all] onto handler 'userController'
[INFO][main][2018-03-22 16:28:02][org.springframework.web.servlet.handler.AbstractUrlHandlerMapping] - Mapped URL path [/user/all.*] onto handler 'userController'
[INFO][main][2018-03-22 16:28:02][org.springframework.web.servlet.handler.AbstractUrlHandlerMapping] - Mapped URL path [/user/all/] onto handler 'userController'
[INFO][main][2018-03-22 16:28:02][org.springframework.web.servlet.FrameworkServlet] - FrameworkServlet 'SpringMVC': initialization completed in 327 ms
[WARN][qtp1252820474-16][2018-03-22 16:28:11][org.springframework.web.servlet.DispatcherServlet] - No mapping found for HTTP request with URI [/favicon.ico] in DispatcherServlet with name 'SpringMVC'
[INFO][main][2018-03-22 16:31:28][org.springframework.web.context.ContextLoader] - Root WebApplicationContext: initialization started
[INFO][main][2018-03-22 16:31:28][org.springframework.context.support.AbstractApplicationContext] - Refreshing Root WebApplicationContext: startup date [Thu Mar 22 16:31:28 CST 2018]; root of context hierarchy
[INFO][main][2018-03-22 16:31:28][org.springframework.beans.factory.xml.XmlBeanDefinitionReader] - Loading XML bean definitions from class path resource [spring-mybatis.xml]
[INFO][main][2018-03-22 16:31:28][org.springframework.core.io.support.PropertiesLoaderSupport] - Loading properties file from class path resource [jdbc.properties]
[INFO][main][2018-03-22 16:31:28][org.springframework.beans.factory.annotation.AutowiredAnnotationBeanPostProcessor] - JSR-330 'javax.inject.Inject' annotation found and supported for autowiring
[INFO][main][2018-03-22 16:31:28][org.springframework.web.context.ContextLoader] - Root WebApplicationContext: initialization completed in 503 ms
[INFO][main][2018-03-22 16:31:28][org.springframework.web.servlet.FrameworkServlet] - FrameworkServlet 'SpringMVC': initialization started
[INFO][main][2018-03-22 16:31:28][org.springframework.context.support.AbstractApplicationContext] - Refreshing WebApplicationContext for namespace 'SpringMVC-servlet': startup date [Thu Mar 22 16:31:28 CST 2018]; parent: Root WebApplicationContext
[INFO][main][2018-03-22 16:31:28][org.springframework.beans.factory.xml.XmlBeanDefinitionReader] - Loading XML bean definitions from class path resource [spring-mvc.xml]
[INFO][main][2018-03-22 16:31:28][org.springframework.beans.factory.annotation.AutowiredAnnotationBeanPostProcessor] - JSR-330 'javax.inject.Inject' annotation found and supported for autowiring
[INFO][main][2018-03-22 16:31:29][org.springframework.web.servlet.handler.AbstractUrlHandlerMapping] - Mapped URL path [/user/all] onto handler 'userController'
[INFO][main][2018-03-22 16:31:29][org.springframework.web.servlet.handler.AbstractUrlHandlerMapping] - Mapped URL path [/user/all.*] onto handler 'userController'
[INFO][main][2018-03-22 16:31:29][org.springframework.web.servlet.handler.AbstractUrlHandlerMapping] - Mapped URL path [/user/all/] onto handler 'userController'
[INFO][main][2018-03-22 16:31:29][org.springframework.web.servlet.FrameworkServlet] - FrameworkServlet 'SpringMVC': initialization completed in 322 ms
[INFO][main][2018-03-22 16:33:17][org.springframework.web.context.ContextLoader] - Root WebApplicationContext: initialization started
[INFO][main][2018-03-22 16:33:17][org.springframework.context.support.AbstractApplicationContext] - Refreshing Root WebApplicationContext: startup date [Thu Mar 22 16:33:17 CST 2018]; root of context hierarchy
[INFO][main][2018-03-22 16:33:17][org.springframework.beans.factory.xml.XmlBeanDefinitionReader] - Loading XML bean definitions from class path resource [spring-mybatis.xml]
[INFO][main][2018-03-22 16:33:17][org.springframework.core.io.support.PropertiesLoaderSupport] - Loading properties file from class path resource [jdbc.properties]
[INFO][main][2018-03-22 16:33:17][org.springframework.beans.factory.annotation.AutowiredAnnotationBeanPostProcessor] - JSR-330 'javax.inject.Inject' annotation found and supported for autowiring
[INFO][main][2018-03-22 16:33:17][org.springframework.web.context.ContextLoader] - Root WebApplicationContext: initialization completed in 539 ms
[INFO][main][2018-03-22 16:33:17][org.springframework.web.servlet.FrameworkServlet] - FrameworkServlet 'SpringMVC': initialization started
[INFO][main][2018-03-22 16:33:17][org.springframework.context.support.AbstractApplicationContext] - Refreshing WebApplicationContext for namespace 'SpringMVC-servlet': startup date [Thu Mar 22 16:33:17 CST 2018]; parent: Root WebApplicationContext
[INFO][main][2018-03-22 16:33:17][org.springframework.beans.factory.xml.XmlBeanDefinitionReader] - Loading XML bean definitions from class path resource [spring-mvc.xml]
[INFO][main][2018-03-22 16:33:17][org.springframework.beans.factory.annotation.AutowiredAnnotationBeanPostProcessor] - JSR-330 'javax.inject.Inject' annotation found and supported for autowiring
[INFO][main][2018-03-22 16:33:17][org.springframework.web.servlet.handler.AbstractUrlHandlerMapping] - Mapped URL path [/user/all] onto handler 'userController'
[INFO][main][2018-03-22 16:33:17][org.springframework.web.servlet.handler.AbstractUrlHandlerMapping] - Mapped URL path [/user/all.*] onto handler 'userController'
[INFO][main][2018-03-22 16:33:17][org.springframework.web.servlet.handler.AbstractUrlHandlerMapping] - Mapped URL path [/user/all/] onto handler 'userController'
[INFO][main][2018-03-22 16:33:17][org.springframework.web.servlet.FrameworkServlet] - FrameworkServlet 'SpringMVC': initialization completed in 325 ms
[WARN][qtp1252820474-20][2018-03-22 16:33:23][org.springframework.web.servlet.DispatcherServlet] - No mapping found for HTTP request with URI [/favicon.ico] in DispatcherServlet with name 'SpringMVC'
[INFO][main][2018-03-22 16:35:16][org.springframework.web.context.ContextLoader] - Root WebApplicationContext: initialization started
[INFO][main][2018-03-22 16:35:16][org.springframework.context.support.AbstractApplicationContext] - Refreshing Root WebApplicationContext: startup date [Thu Mar 22 16:35:16 CST 2018]; root of context hierarchy
[INFO][main][2018-03-22 16:35:16][org.springframework.beans.factory.xml.XmlBeanDefinitionReader] - Loading XML bean definitions from class path resource [spring-mybatis.xml]
[INFO][main][2018-03-22 16:35:16][org.springframework.core.io.support.PropertiesLoaderSupport] - Loading properties file from class path resource [jdbc.properties]
[INFO][main][2018-03-22 16:35:16][org.springframework.beans.factory.annotation.AutowiredAnnotationBeanPostProcessor] - JSR-330 'javax.inject.Inject' annotation found and supported for autowiring
[INFO][main][2018-03-22 16:35:17][org.springframework.web.context.ContextLoader] - Root WebApplicationContext: initialization completed in 631 ms
[INFO][main][2018-03-22 16:35:17][org.springframework.web.servlet.FrameworkServlet] - FrameworkServlet 'SpringMVC': initialization started
[INFO][main][2018-03-22 16:35:17][org.springframework.context.support.AbstractApplicationContext] - Refreshing WebApplicationContext for namespace 'SpringMVC-servlet': startup date [Thu Mar 22 16:35:17 CST 2018]; parent: Root WebApplicationContext
[INFO][main][2018-03-22 16:35:17][org.springframework.beans.factory.xml.XmlBeanDefinitionReader] - Loading XML bean definitions from class path resource [spring-mvc.xml]
[INFO][main][2018-03-22 16:35:17][org.springframework.beans.factory.annotation.AutowiredAnnotationBeanPostProcessor] - JSR-330 'javax.inject.Inject' annotation found and supported for autowiring
[INFO][main][2018-03-22 16:35:17][org.springframework.web.servlet.handler.AbstractUrlHandlerMapping] - Mapped URL path [/user/all] onto handler 'userController'
[INFO][main][2018-03-22 16:35:17][org.springframework.web.servlet.handler.AbstractUrlHandlerMapping] - Mapped URL path [/user/all.*] onto handler 'userController'
[INFO][main][2018-03-22 16:35:17][org.springframework.web.servlet.handler.AbstractUrlHandlerMapping] - Mapped URL path [/user/all/] onto handler 'userController'
[INFO][main][2018-03-22 16:35:17][org.springframework.web.servlet.FrameworkServlet] - FrameworkServlet 'SpringMVC': initialization completed in 428 ms
[WARN][qtp261429887-21][2018-03-22 16:35:45][org.springframework.web.servlet.DispatcherServlet] - No mapping found for HTTP request with URI [/favicon.ico] in DispatcherServlet with name 'SpringMVC'
[INFO][main][2018-03-22 16:59:26][org.springframework.web.context.ContextLoader] - Root WebApplicationContext: initialization started
[INFO][main][2018-03-22 16:59:26][org.springframework.context.support.AbstractApplicationContext] - Refreshing Root WebApplicationContext: startup date [Thu Mar 22 16:59:26 CST 2018]; root of context hierarchy
[INFO][main][2018-03-22 16:59:26][org.springframework.beans.factory.xml.XmlBeanDefinitionReader] - Loading XML bean definitions from class path resource [spring-mybatis.xml]
[INFO][main][2018-03-22 16:59:27][org.springframework.core.io.support.PropertiesLoaderSupport] - Loading properties file from class path resource [jdbc.properties]
[INFO][main][2018-03-22 16:59:27][org.springframework.beans.factory.annotation.AutowiredAnnotationBeanPostProcessor] - JSR-330 'javax.inject.Inject' annotation found and supported for autowiring
[INFO][main][2018-03-22 16:59:27][org.springframework.web.context.ContextLoader] - Root WebApplicationContext: initialization completed in 590 ms
[INFO][main][2018-03-22 16:59:27][org.springframework.web.servlet.FrameworkServlet] - FrameworkServlet 'SpringMVC': initialization started
[INFO][main][2018-03-22 16:59:27][org.springframework.context.support.AbstractApplicationContext] - Refreshing WebApplicationContext for namespace 'SpringMVC-servlet': startup date [Thu Mar 22 16:59:27 CST 2018]; parent: Root WebApplicationContext
[INFO][main][2018-03-22 16:59:27][org.springframework.beans.factory.xml.XmlBeanDefinitionReader] - Loading XML bean definitions from class path resource [spring-mvc.xml]
[INFO][main][2018-03-22 16:59:27][org.springframework.beans.factory.annotation.AutowiredAnnotationBeanPostProcessor] - JSR-330 'javax.inject.Inject' annotation found and supported for autowiring
[INFO][main][2018-03-22 16:59:27][org.springframework.web.servlet.handler.AbstractUrlHandlerMapping] - Mapped URL path [/user/all] onto handler 'userController'
[INFO][main][2018-03-22 16:59:27][org.springframework.web.servlet.handler.AbstractUrlHandlerMapping] - Mapped URL path [/user/all.*] onto handler 'userController'
[INFO][main][2018-03-22 16:59:27][org.springframework.web.servlet.handler.AbstractUrlHandlerMapping] - Mapped URL path [/user/all/] onto handler 'userController'
[INFO][main][2018-03-22 16:59:27][org.springframework.web.servlet.FrameworkServlet] - FrameworkServlet 'SpringMVC': initialization completed in 369 ms
[WARN][qtp1594065480-21][2018-03-22 16:59:48][org.springframework.web.servlet.DispatcherServlet] - No mapping found for HTTP request with URI [/favicon.ico] in DispatcherServlet with name 'SpringMVC'
[INFO][main][2018-03-22 17:53:22][org.springframework.web.context.ContextLoader] - Root WebApplicationContext: initialization started
[INFO][main][2018-03-22 17:53:23][org.springframework.context.support.AbstractApplicationContext] - Refreshing Root WebApplicationContext: startup date [Thu Mar 22 17:53:23 CST 2018]; root of context hierarchy
[INFO][main][2018-03-22 17:53:23][org.springframework.beans.factory.xml.XmlBeanDefinitionReader] - Loading XML bean definitions from class path resource [spring-mybatis.xml]
[INFO][main][2018-03-22 17:53:23][org.springframework.core.io.support.PropertiesLoaderSupport] - Loading properties file from class path resource [jdbc.properties]
[INFO][main][2018-03-22 17:53:23][org.springframework.beans.factory.annotation.AutowiredAnnotationBeanPostProcessor] - JSR-330 'javax.inject.Inject' annotation found and supported for autowiring
[INFO][main][2018-03-22 17:53:23][org.springframework.web.context.ContextLoader] - Root WebApplicationContext: initialization completed in 498 ms
[INFO][main][2018-03-22 17:53:23][org.springframework.web.servlet.FrameworkServlet] - FrameworkServlet 'SpringMVC': initialization started
[INFO][main][2018-03-22 17:53:23][org.springframework.context.support.AbstractApplicationContext] - Refreshing WebApplicationContext for namespace 'SpringMVC-servlet': startup date [Thu Mar 22 17:53:23 CST 2018]; parent: Root WebApplicationContext
[INFO][main][2018-03-22 17:53:23][org.springframework.beans.factory.xml.XmlBeanDefinitionReader] - Loading XML bean definitions from class path resource [spring-mvc.xml]
[INFO][main][2018-03-22 17:53:23][org.springframework.beans.factory.annotation.AutowiredAnnotationBeanPostProcessor] - JSR-330 'javax.inject.Inject' annotation found and supported for autowiring
[INFO][main][2018-03-22 17:53:23][org.springframework.web.servlet.handler.AbstractUrlHandlerMapping] - Mapped URL path [/user/all] onto handler 'userController'
[INFO][main][2018-03-22 17:53:23][org.springframework.web.servlet.handler.AbstractUrlHandlerMapping] - Mapped URL path [/user/all.*] onto handler 'userController'
[INFO][main][2018-03-22 17:53:23][org.springframework.web.servlet.handler.AbstractUrlHandlerMapping] - Mapped URL path [/user/all/] onto handler 'userController'
[INFO][main][2018-03-22 17:53:23][org.springframework.web.servlet.FrameworkServlet] - FrameworkServlet 'SpringMVC': initialization completed in 312 ms
[INFO][main][2018-03-22 17:58:44][org.springframework.web.context.ContextLoader] - Root WebApplicationContext: initialization started
[INFO][main][2018-03-22 17:58:44][org.springframework.context.support.AbstractApplicationContext] - Refreshing Root WebApplicationContext: startup date [Thu Mar 22 17:58:44 CST 2018]; root of context hierarchy
[INFO][main][2018-03-22 17:58:44][org.springframework.beans.factory.xml.XmlBeanDefinitionReader] - Loading XML bean definitions from class path resource [spring-mybatis.xml]
[INFO][main][2018-03-22 17:58:44][org.springframework.core.io.support.PropertiesLoaderSupport] - Loading properties file from class path resource [jdbc.properties]
[INFO][main][2018-03-22 17:58:44][org.springframework.beans.factory.annotation.AutowiredAnnotationBeanPostProcessor] - JSR-330 'javax.inject.Inject' annotation found and supported for autowiring
[INFO][main][2018-03-22 17:58:44][org.springframework.web.context.ContextLoader] - Root WebApplicationContext: initialization completed in 583 ms
[INFO][main][2018-03-22 17:58:44][org.springframework.web.servlet.FrameworkServlet] - FrameworkServlet 'SpringMVC': initialization started
[INFO][main][2018-03-22 17:58:44][org.springframework.context.support.AbstractApplicationContext] - Refreshing WebApplicationContext for namespace 'SpringMVC-servlet': startup date [Thu Mar 22 17:58:44 CST 2018]; parent: Root WebApplicationContext
[INFO][main][2018-03-22 17:58:44][org.springframework.beans.factory.xml.XmlBeanDefinitionReader] - Loading XML bean definitions from class path resource [spring-mvc.xml]
[INFO][main][2018-03-22 17:58:45][org.springframework.beans.factory.annotation.AutowiredAnnotationBeanPostProcessor] - JSR-330 'javax.inject.Inject' annotation found and supported for autowiring
[INFO][main][2018-03-22 17:58:45][org.springframework.web.servlet.handler.AbstractUrlHandlerMapping] - Mapped URL path [/user/all] onto handler 'userController'
[INFO][main][2018-03-22 17:58:45][org.springframework.web.servlet.handler.AbstractUrlHandlerMapping] - Mapped URL path [/user/all.*] onto handler 'userController'
[INFO][main][2018-03-22 17:58:45][org.springframework.web.servlet.handler.AbstractUrlHandlerMapping] - Mapped URL path [/user/all/] onto handler 'userController'
[INFO][main][2018-03-22 17:58:45][org.springframework.web.servlet.FrameworkServlet] - FrameworkServlet 'SpringMVC': initialization completed in 379 ms
